  [1m[35m (2.0ms)[0m  [1m[34mSELECT sqlite_version(*)[0m
  [1m[35m (7.8ms)[0m  [1m[35mCREATE TABLE "schema_migrations" ("version" varchar NOT NULL PRIMARY KEY)[0m
  [1m[35m (3.3ms)[0m  [1m[35mCREATE TABLE "ar_internal_metadata" ("key" varchar NOT NULL PRIMARY KEY, "value" varchar, "created_at" datetime(6) NOT NULL, "updated_at" datetime(6) NOT NULL)[0m
  [1m[35m (0.3ms)[0m  [1m[34mSELECT "schema_migrations"."version" FROM "schema_migrations" ORDER BY "schema_migrations"."version" ASC[0m
Migrating to CreateTodos (20210101194909)
  [1m[35m (0.1ms)[0m  [1m[36mbegin transaction[0m
  [1m[35m (0.6ms)[0m  [1m[35mCREATE TABLE "todos" ("id" integer PRIMARY KEY AUTOINCREMENT NOT NULL, "title" varchar, "created_by" varchar, "created_at" datetime(6) NOT NULL, "updated_at" datetime(6) NOT NULL)[0m
  [1m[36mprimary::SchemaMigration Create (0.4ms)[0m  [1m[32mINSERT INTO "schema_migrations" ("version") VALUES (?)[0m  [["version", "20210101194909"]]
  [1m[35m (4.3ms)[0m  [1m[36mcommit transaction[0m
Migrating to CreateItems (20210101194947)
  [1m[35m (0.2ms)[0m  [1m[36mbegin transaction[0m
  [1m[35m (0.6ms)[0m  [1m[35mCREATE TABLE "items" ("id" integer PRIMARY KEY AUTOINCREMENT NOT NULL, "name" varchar, "done" boolean, "todo_id" integer NOT NULL, "created_at" datetime(6) NOT NULL, "updated_at" datetime(6) NOT NULL, CONSTRAINT "fk_rails_c01e6b449d"
FOREIGN KEY ("todo_id")
  REFERENCES "todos" ("id")
)[0m
  [1m[35m (0.3ms)[0m  [1m[35mCREATE  INDEX "index_items_on_todo_id" ON "items" ("todo_id")[0m
  [1m[36mprimary::SchemaMigration Create (0.4ms)[0m  [1m[32mINSERT INTO "schema_migrations" ("version") VALUES (?)[0m  [["version", "20210101194947"]]
  [1m[35m (5.1ms)[0m  [1m[36mcommit transaction[0m
  [1m[36mActiveRecord::InternalMetadata Load (0.3ms)[0m  [1m[34mSELECT "ar_internal_metadata".* FROM "ar_internal_metadata" WHERE "ar_internal_metadata"."key" = ? LIMIT ?[0m  [["key", "environment"], ["LIMIT", 1]]
  [1m[35m (0.1ms)[0m  [1m[36mbegin transaction[0m
  [1m[36mActiveRecord::InternalMetadata Create (0.7ms)[0m  [1m[32mINSERT INTO "ar_internal_metadata" ("key", "value", "created_at", "updated_at") VALUES (?, ?, ?, ?)[0m  [["key", "environment"], ["value", "development"], ["created_at", "2021-01-01 19:50:14.097474"], ["updated_at", "2021-01-01 19:50:14.097474"]]
  [1m[35m (3.2ms)[0m  [1m[36mcommit transaction[0m
  [1m[35m (0.1ms)[0m  [1m[34mSELECT sqlite_version(*)[0m
  [1m[35m (0.3ms)[0m  [1m[34mSELECT "schema_migrations"."version" FROM "schema_migrations" ORDER BY "schema_migrations"."version" ASC[0m
  [1m[35m (0.6ms)[0m  [1m[34mSELECT sqlite_version(*)[0m
  [1m[35m (0.3ms)[0m  [1m[34mSELECT "schema_migrations"."version" FROM "schema_migrations" ORDER BY "schema_migrations"."version" ASC[0m
  [1m[36mActiveRecord::InternalMetadata Load (0.3ms)[0m  [1m[34mSELECT "ar_internal_metadata".* FROM "ar_internal_metadata" WHERE "ar_internal_metadata"."key" = ? LIMIT ?[0m  [["key", "environment"], ["LIMIT", 1]]
  [1m[35m (0.1ms)[0m  [1m[34mSELECT sqlite_version(*)[0m
  [1m[35m (0.2ms)[0m  [1m[34mSELECT "schema_migrations"."version" FROM "schema_migrations" ORDER BY "schema_migrations"."version" ASC[0m
Started GET "/" for 127.0.0.1 at 2021-01-02 00:34:47 +0200
  [1m[35m (2.7ms)[0m  [1m[34mSELECT sqlite_version(*)[0m
  [1m[35m (0.3ms)[0m  [1m[34mSELECT "schema_migrations"."version" FROM "schema_migrations" ORDER BY "schema_migrations"."version" ASC[0m
Processing by Rails::WelcomeController#index as HTML
  Rendering vendor/bundle/ruby/2.7.0/gems/railties-6.0.3.4/lib/rails/templates/rails/welcome/index.html.erb
  Rendered vendor/bundle/ruby/2.7.0/gems/railties-6.0.3.4/lib/rails/templates/rails/welcome/index.html.erb (Duration: 10.7ms | Allocations: 402)
Completed 200 OK in 25ms (Views: 17.2ms | ActiveRecord: 0.0ms | Allocations: 2212)


Started GET "/favicon.ico" for 127.0.0.1 at 2021-01-02 00:34:47 +0200
  
ActionController::RoutingError (No route matches [GET] "/favicon.ico"):
  
actionpack (6.0.3.4) lib/action_dispatch/middleware/debug_exceptions.rb:36:in `call'
actionpack (6.0.3.4) lib/action_dispatch/middleware/show_exceptions.rb:33:in `call'
railties (6.0.3.4) lib/rails/rack/logger.rb:37:in `call_app'
railties (6.0.3.4) lib/rails/rack/logger.rb:26:in `block in call'
activesupport (6.0.3.4) lib/active_support/tagged_logging.rb:80:in `block in tagged'
activesupport (6.0.3.4) lib/active_support/tagged_logging.rb:28:in `tagged'
activesupport (6.0.3.4) lib/active_support/tagged_logging.rb:80:in `tagged'
railties (6.0.3.4) lib/rails/rack/logger.rb:26:in `call'
actionpack (6.0.3.4) lib/action_dispatch/middleware/remote_ip.rb:81:in `call'
actionpack (6.0.3.4) lib/action_dispatch/middleware/request_id.rb:27:in `call'
rack (2.2.3) lib/rack/runtime.rb:22:in `call'
activesupport (6.0.3.4) lib/active_support/cache/strategy/local_cache_middleware.rb:29:in `call'
actionpack (6.0.3.4) lib/action_dispatch/middleware/executor.rb:14:in `call'
actionpack (6.0.3.4) lib/action_dispatch/middleware/static.rb:126:in `call'
rack (2.2.3) lib/rack/sendfile.rb:110:in `call'
actionpack (6.0.3.4) lib/action_dispatch/middleware/host_authorization.rb:82:in `call'
railties (6.0.3.4) lib/rails/engine.rb:527:in `call'
puma (4.3.7) lib/puma/configuration.rb:228:in `call'
puma (4.3.7) lib/puma/server.rb:713:in `handle_request'
puma (4.3.7) lib/puma/server.rb:472:in `process_client'
puma (4.3.7) lib/puma/server.rb:328:in `block in run'
puma (4.3.7) lib/puma/thread_pool.rb:134:in `block in spawn_thread'
Started GET "/todo" for 127.0.0.1 at 2021-01-02 00:37:40 +0200
  
ActionController::RoutingError (No route matches [GET] "/todo"):
  
actionpack (6.0.3.4) lib/action_dispatch/middleware/debug_exceptions.rb:36:in `call'
actionpack (6.0.3.4) lib/action_dispatch/middleware/show_exceptions.rb:33:in `call'
railties (6.0.3.4) lib/rails/rack/logger.rb:37:in `call_app'
railties (6.0.3.4) lib/rails/rack/logger.rb:26:in `block in call'
activesupport (6.0.3.4) lib/active_support/tagged_logging.rb:80:in `block in tagged'
activesupport (6.0.3.4) lib/active_support/tagged_logging.rb:28:in `tagged'
activesupport (6.0.3.4) lib/active_support/tagged_logging.rb:80:in `tagged'
railties (6.0.3.4) lib/rails/rack/logger.rb:26:in `call'
actionpack (6.0.3.4) lib/action_dispatch/middleware/remote_ip.rb:81:in `call'
actionpack (6.0.3.4) lib/action_dispatch/middleware/request_id.rb:27:in `call'
rack (2.2.3) lib/rack/runtime.rb:22:in `call'
activesupport (6.0.3.4) lib/active_support/cache/strategy/local_cache_middleware.rb:29:in `call'
actionpack (6.0.3.4) lib/action_dispatch/middleware/executor.rb:14:in `call'
actionpack (6.0.3.4) lib/action_dispatch/middleware/static.rb:126:in `call'
rack (2.2.3) lib/rack/sendfile.rb:110:in `call'
actionpack (6.0.3.4) lib/action_dispatch/middleware/host_authorization.rb:82:in `call'
railties (6.0.3.4) lib/rails/engine.rb:527:in `call'
puma (4.3.7) lib/puma/configuration.rb:228:in `call'
puma (4.3.7) lib/puma/server.rb:713:in `handle_request'
puma (4.3.7) lib/puma/server.rb:472:in `process_client'
puma (4.3.7) lib/puma/server.rb:328:in `block in run'
puma (4.3.7) lib/puma/thread_pool.rb:134:in `block in spawn_thread'
Started POST "/todos" for 127.0.0.1 at 2021-01-02 00:37:58 +0200
Processing by TodosController#create as HTML
  Parameters: {"title"=>"Mozart", "created_by"=>"1", "todo"=>{"title"=>"Mozart", "created_by"=>"1"}}
[31mUnpermitted parameter: :todo[0m
  [1m[35m (0.1ms)[0m  [1m[36mbegin transaction[0m
  ↳ app/controllers/todos_controller.rb:13:in `create'
  [1m[36mTodo Create (1.8ms)[0m  [1m[32mINSERT INTO "todos" ("title", "created_by", "created_at", "updated_at") VALUES (?, ?, ?, ?)[0m  [["title", "Mozart"], ["created_by", "1"], ["created_at", "2021-01-01 22:37:58.362201"], ["updated_at", "2021-01-01 22:37:58.362201"]]
  ↳ app/controllers/todos_controller.rb:13:in `create'
  [1m[35m (2.7ms)[0m  [1m[36mcommit transaction[0m
  ↳ app/controllers/todos_controller.rb:13:in `create'
Completed 201 Created in 34ms (Views: 0.6ms | ActiveRecord: 7.3ms | Allocations: 6782)


Started PUT "/todos/1" for 127.0.0.1 at 2021-01-02 00:38:10 +0200
Processing by TodosController#update as HTML
  Parameters: {"title"=>"Beethoven", "id"=>"1", "todo"=>{"title"=>"Beethoven"}}
  [1m[36mTodo Load (0.4ms)[0m  [1m[34mSELECT "todos".* FROM "todos" WHERE "todos"."id" = ? LIMIT ?[0m  [["id", 1], ["LIMIT", 1]]
  ↳ app/controllers/todos_controller.rb:42:in `set_todo'
[31mUnpermitted parameters: :id, :todo[0m
  [1m[35m (0.1ms)[0m  [1m[36mbegin transaction[0m
  ↳ app/controllers/todos_controller.rb:24:in `update'
  [1m[36mTodo Update (0.5ms)[0m  [1m[33mUPDATE "todos" SET "title" = ?, "updated_at" = ? WHERE "todos"."id" = ?[0m  [["title", "Beethoven"], ["updated_at", "2021-01-01 22:38:10.974056"], ["id", 1]]
  ↳ app/controllers/todos_controller.rb:24:in `update'
  [1m[35m (5.7ms)[0m  [1m[36mcommit transaction[0m
  ↳ app/controllers/todos_controller.rb:24:in `update'
Completed 204 No Content in 30ms (ActiveRecord: 6.8ms | Allocations: 4739)


Started DELETE "/todos/1" for 127.0.0.1 at 2021-01-02 00:38:23 +0200
Processing by TodosController#destroy as */*
  Parameters: {"id"=>"1"}
  [1m[36mTodo Load (0.3ms)[0m  [1m[34mSELECT "todos".* FROM "todos" WHERE "todos"."id" = ? LIMIT ?[0m  [["id", 1], ["LIMIT", 1]]
  ↳ app/controllers/todos_controller.rb:42:in `set_todo'
  [1m[35m (0.1ms)[0m  [1m[36mbegin transaction[0m
  ↳ app/controllers/todos_controller.rb:30:in `destroy'
  [1m[36mItem Load (0.3ms)[0m  [1m[34mSELECT "items".* FROM "items" WHERE "items"."todo_id" = ?[0m  [["todo_id", 1]]
  ↳ app/controllers/todos_controller.rb:30:in `destroy'
  [1m[36mTodo Destroy (0.6ms)[0m  [1m[31mDELETE FROM "todos" WHERE "todos"."id" = ?[0m  [["id", 1]]
  ↳ app/controllers/todos_controller.rb:30:in `destroy'
  [1m[35m (3.4ms)[0m  [1m[36mcommit transaction[0m
  ↳ app/controllers/todos_controller.rb:30:in `destroy'
Completed 204 No Content in 38ms (ActiveRecord: 5.3ms | Allocations: 7903)


Started GET "/" for 127.0.0.1 at 2021-01-02 00:38:47 +0200
Processing by Rails::WelcomeController#index as HTML
  Rendering vendor/bundle/ruby/2.7.0/gems/railties-6.0.3.4/lib/rails/templates/rails/welcome/index.html.erb
  Rendered vendor/bundle/ruby/2.7.0/gems/railties-6.0.3.4/lib/rails/templates/rails/welcome/index.html.erb (Duration: 12.4ms | Allocations: 183)
Completed 200 OK in 15ms (Views: 14.3ms | ActiveRecord: 0.0ms | Allocations: 730)


Started GET "/favicon.ico" for 127.0.0.1 at 2021-01-02 00:38:47 +0200
  
ActionController::RoutingError (No route matches [GET] "/favicon.ico"):
  
actionpack (6.0.3.4) lib/action_dispatch/middleware/debug_exceptions.rb:36:in `call'
actionpack (6.0.3.4) lib/action_dispatch/middleware/show_exceptions.rb:33:in `call'
railties (6.0.3.4) lib/rails/rack/logger.rb:37:in `call_app'
railties (6.0.3.4) lib/rails/rack/logger.rb:26:in `block in call'
activesupport (6.0.3.4) lib/active_support/tagged_logging.rb:80:in `block in tagged'
activesupport (6.0.3.4) lib/active_support/tagged_logging.rb:28:in `tagged'
activesupport (6.0.3.4) lib/active_support/tagged_logging.rb:80:in `tagged'
railties (6.0.3.4) lib/rails/rack/logger.rb:26:in `call'
actionpack (6.0.3.4) lib/action_dispatch/middleware/remote_ip.rb:81:in `call'
actionpack (6.0.3.4) lib/action_dispatch/middleware/request_id.rb:27:in `call'
rack (2.2.3) lib/rack/runtime.rb:22:in `call'
activesupport (6.0.3.4) lib/active_support/cache/strategy/local_cache_middleware.rb:29:in `call'
actionpack (6.0.3.4) lib/action_dispatch/middleware/executor.rb:14:in `call'
actionpack (6.0.3.4) lib/action_dispatch/middleware/static.rb:126:in `call'
rack (2.2.3) lib/rack/sendfile.rb:110:in `call'
actionpack (6.0.3.4) lib/action_dispatch/middleware/host_authorization.rb:82:in `call'
railties (6.0.3.4) lib/rails/engine.rb:527:in `call'
puma (4.3.7) lib/puma/configuration.rb:228:in `call'
puma (4.3.7) lib/puma/server.rb:713:in `handle_request'
puma (4.3.7) lib/puma/server.rb:472:in `process_client'
puma (4.3.7) lib/puma/server.rb:328:in `block in run'
puma (4.3.7) lib/puma/thread_pool.rb:134:in `block in spawn_thread'
Started POST "/todos" for 127.0.0.1 at 2021-01-02 01:15:02 +0200
  [1m[35m (0.6ms)[0m  [1m[34mSELECT sqlite_version(*)[0m
  [1m[35m (0.9ms)[0m  [1m[34mSELECT "schema_migrations"."version" FROM "schema_migrations" ORDER BY "schema_migrations"."version" ASC[0m
Processing by TodosController#create as HTML
  Parameters: {"title"=>"Mozart", "created_by"=>"1", "todo"=>{"title"=>"Mozart", "created_by"=>"1"}}
[31mUnpermitted parameter: :todo[0m
  [1m[35m (0.1ms)[0m  [1m[36mbegin transaction[0m
  ↳ app/controllers/todos_controller.rb:13:in `create'
  [1m[36mTodo Create (0.6ms)[0m  [1m[32mINSERT INTO "todos" ("title", "created_by", "created_at", "updated_at") VALUES (?, ?, ?, ?)[0m  [["title", "Mozart"], ["created_by", "1"], ["created_at", "2021-01-01 23:15:02.577309"], ["updated_at", "2021-01-01 23:15:02.577309"]]
  ↳ app/controllers/todos_controller.rb:13:in `create'
  [1m[35m (3.9ms)[0m  [1m[36mcommit transaction[0m
  ↳ app/controllers/todos_controller.rb:13:in `create'
Completed 201 Created in 23ms (Views: 0.7ms | ActiveRecord: 6.6ms | Allocations: 7647)


Started GET "/todos/2/items" for 127.0.0.1 at 2021-01-02 01:15:28 +0200
Processing by ItemsController#index as */*
  Parameters: {"todo_id"=>"2"}
  [1m[36mTodo Load (0.3ms)[0m  [1m[34mSELECT "todos".* FROM "todos" WHERE "todos"."id" = ? LIMIT ?[0m  [["id", 2], ["LIMIT", 1]]
  ↳ app/controllers/items_controller.rb:41:in `set_todo'
  [1m[36mItem Load (0.3ms)[0m  [1m[34mSELECT "items".* FROM "items" WHERE "items"."todo_id" = ?[0m  [["todo_id", 2]]
  ↳ app/controllers/concerns/response.rb:3:in `json_response'
Completed 200 OK in 14ms (Views: 4.6ms | ActiveRecord: 1.2ms | Allocations: 4599)


Started POST "/todos/2/items" for 127.0.0.1 at 2021-01-02 01:15:39 +0200
Processing by ItemsController#create as HTML
  Parameters: {"name"=>"Listen to 5th Symphony", "done"=>"false", "todo_id"=>"2", "item"=>{"name"=>"Listen to 5th Symphony", "done"=>"false"}}
  [1m[36mTodo Load (0.3ms)[0m  [1m[34mSELECT "todos".* FROM "todos" WHERE "todos"."id" = ? LIMIT ?[0m  [["id", 2], ["LIMIT", 1]]
  ↳ app/controllers/items_controller.rb:41:in `set_todo'
[31mUnpermitted parameters: :todo_id, :item[0m
  [1m[35m (0.1ms)[0m  [1m[36mbegin transaction[0m
  ↳ app/controllers/items_controller.rb:18:in `create'
  [1m[36mItem Create (0.6ms)[0m  [1m[32mINSERT INTO "items" ("name", "done", "todo_id", "created_at", "updated_at") VALUES (?, ?, ?, ?, ?)[0m  [["name", "Listen to 5th Symphony"], ["done", 0], ["todo_id", 2], ["created_at", "2021-01-01 23:15:39.150757"], ["updated_at", "2021-01-01 23:15:39.150757"]]
  ↳ app/controllers/items_controller.rb:18:in `create'
  [1m[35m (4.9ms)[0m  [1m[36mcommit transaction[0m
  ↳ app/controllers/items_controller.rb:18:in `create'
Completed 201 Created in 41ms (Views: 1.5ms | ActiveRecord: 6.6ms | Allocations: 8338)


Started PUT "/todos/2/items/1" for 127.0.0.1 at 2021-01-02 01:15:47 +0200
Processing by ItemsController#update as HTML
  Parameters: {"done"=>"true", "todo_id"=>"2", "id"=>"1", "item"=>{"done"=>"true"}}
  [1m[36mTodo Load (0.2ms)[0m  [1m[34mSELECT "todos".* FROM "todos" WHERE "todos"."id" = ? LIMIT ?[0m  [["id", 2], ["LIMIT", 1]]
  ↳ app/controllers/items_controller.rb:41:in `set_todo'
  [1m[36mItem Load (0.3ms)[0m  [1m[34mSELECT "items".* FROM "items" WHERE "items"."todo_id" = ? AND "items"."id" = ? LIMIT ?[0m  [["todo_id", 2], ["id", 1], ["LIMIT", 1]]
  ↳ app/controllers/items_controller.rb:45:in `set_todo_item'
[31mUnpermitted parameters: :todo_id, :id, :item[0m
  [1m[35m (0.3ms)[0m  [1m[36mbegin transaction[0m
  ↳ app/controllers/items_controller.rb:24:in `update'
  [1m[36mItem Update (1.1ms)[0m  [1m[33mUPDATE "items" SET "done" = ?, "updated_at" = ? WHERE "items"."id" = ?[0m  [["done", 1], ["updated_at", "2021-01-01 23:15:47.375741"], ["id", 1]]
  ↳ app/controllers/items_controller.rb:24:in `update'
  [1m[35m (4.4ms)[0m  [1m[36mcommit transaction[0m
  ↳ app/controllers/items_controller.rb:24:in `update'
Completed 204 No Content in 42ms (ActiveRecord: 6.3ms | Allocations: 5992)


Started DELETE "/todos/2/items/1" for 127.0.0.1 at 2021-01-02 01:16:01 +0200
Processing by ItemsController#destroy as */*
  Parameters: {"todo_id"=>"2", "id"=>"1"}
  [1m[36mTodo Load (0.6ms)[0m  [1m[34mSELECT "todos".* FROM "todos" WHERE "todos"."id" = ? LIMIT ?[0m  [["id", 2], ["LIMIT", 1]]
  ↳ app/controllers/items_controller.rb:41:in `set_todo'
  [1m[36mItem Load (0.2ms)[0m  [1m[34mSELECT "items".* FROM "items" WHERE "items"."todo_id" = ? AND "items"."id" = ? LIMIT ?[0m  [["todo_id", 2], ["id", 1], ["LIMIT", 1]]
  ↳ app/controllers/items_controller.rb:45:in `set_todo_item'
  [1m[35m (0.1ms)[0m  [1m[36mbegin transaction[0m
  ↳ app/controllers/items_controller.rb:30:in `destroy'
  [1m[36mItem Destroy (2.1ms)[0m  [1m[31mDELETE FROM "items" WHERE "items"."id" = ?[0m  [["id", 1]]
  ↳ app/controllers/items_controller.rb:30:in `destroy'
  [1m[35m (3.5ms)[0m  [1m[36mcommit transaction[0m
  ↳ app/controllers/items_controller.rb:30:in `destroy'
Completed 204 No Content in 30ms (ActiveRecord: 6.6ms | Allocations: 5346)


  [1m[35m (0.6ms)[0m  [1m[34mSELECT sqlite_version(*)[0m
  [1m[35m (0.4ms)[0m  [1m[34mSELECT "schema_migrations"."version" FROM "schema_migrations" ORDER BY "schema_migrations"."version" ASC[0m
Migrating to CreateUsers (20210110145130)
  [1m[35m (0.1ms)[0m  [1m[36mbegin transaction[0m
  [1m[35m (0.7ms)[0m  [1m[35mCREATE TABLE "users" ("id" integer PRIMARY KEY AUTOINCREMENT NOT NULL, "name" varchar, "email" varchar, "password_digest" varchar, "created_at" datetime(6) NOT NULL, "updated_at" datetime(6) NOT NULL)[0m
  [1m[36mprimary::SchemaMigration Create (0.5ms)[0m  [1m[32mINSERT INTO "schema_migrations" ("version") VALUES (?)[0m  [["version", "20210110145130"]]
  [1m[35m (4.9ms)[0m  [1m[36mcommit transaction[0m
  [1m[36mActiveRecord::InternalMetadata Load (0.4ms)[0m  [1m[34mSELECT "ar_internal_metadata".* FROM "ar_internal_metadata" WHERE "ar_internal_metadata"."key" = ? LIMIT ?[0m  [["key", "environment"], ["LIMIT", 1]]
  [1m[35m (0.2ms)[0m  [1m[34mSELECT sqlite_version(*)[0m
  [1m[35m (0.3ms)[0m  [1m[34mSELECT "schema_migrations"."version" FROM "schema_migrations" ORDER BY "schema_migrations"."version" ASC[0m
  [1m[35m (0.6ms)[0m  [1m[34mSELECT sqlite_version(*)[0m
  [1m[35m (0.3ms)[0m  [1m[34mSELECT "schema_migrations"."version" FROM "schema_migrations" ORDER BY "schema_migrations"."version" ASC[0m
  [1m[35m (0.4ms)[0m  [1m[34mSELECT "ar_internal_metadata"."value" FROM "ar_internal_metadata" WHERE "ar_internal_metadata"."key" = ?[0m  [["key", "environment"]]
  [1m[35m (0.1ms)[0m  [1m[34mSELECT "schema_migrations"."version" FROM "schema_migrations" ORDER BY "schema_migrations"."version" ASC[0m
  [1m[35m (0.1ms)[0m  [1m[34mSELECT "ar_internal_metadata"."value" FROM "ar_internal_metadata" WHERE "ar_internal_metadata"."key" = ?[0m  [["key", "environment"]]
  [1m[35m (0.1ms)[0m  [1m[34mSELECT "schema_migrations"."version" FROM "schema_migrations" ORDER BY "schema_migrations"."version" ASC[0m
  [1m[35m (0.1ms)[0m  [1m[34mSELECT "ar_internal_metadata"."value" FROM "ar_internal_metadata" WHERE "ar_internal_metadata"."key" = ?[0m  [["key", "environment"]]
  [1m[35m (0.1ms)[0m  [1m[34mSELECT sqlite_version(*)[0m
  [1m[35m (0.2ms)[0m  [1m[34mSELECT sqlite_version(*)[0m
  [1m[35m (0.2ms)[0m  [1m[35mDROP TABLE IF EXISTS "items"[0m
  [1m[35m (4.4ms)[0m  [1m[35mCREATE TABLE "items" ("id" integer PRIMARY KEY AUTOINCREMENT NOT NULL, "name" varchar, "done" boolean, "todo_id" integer NOT NULL, "created_at" datetime(6) NOT NULL, "updated_at" datetime(6) NOT NULL)[0m
  [1m[35m (4.2ms)[0m  [1m[35mCREATE  INDEX "index_items_on_todo_id" ON "items" ("todo_id")[0m
  [1m[35m (0.3ms)[0m  [1m[35mDROP TABLE IF EXISTS "todos"[0m
  [1m[35m (4.0ms)[0m  [1m[35mCREATE TABLE "todos" ("id" integer PRIMARY KEY AUTOINCREMENT NOT NULL, "title" varchar, "created_by" varchar, "created_at" datetime(6) NOT NULL, "updated_at" datetime(6) NOT NULL)[0m
  [1m[35m (0.2ms)[0m  [1m[35mDROP TABLE IF EXISTS "users"[0m
  [1m[35m (3.4ms)[0m  [1m[35mCREATE TABLE "users" ("id" integer PRIMARY KEY AUTOINCREMENT NOT NULL, "name" varchar, "email" varchar, "password_digest" varchar, "created_at" datetime(6) NOT NULL, "updated_at" datetime(6) NOT NULL)[0m
  [1m[35m (0.1ms)[0m  [1m[36mbegin transaction[0m
  [1m[35m (0.2ms)[0m  [1m[35mPRAGMA foreign_keys[0m
  [1m[35m (0.1ms)[0m  [1m[35mPRAGMA defer_foreign_keys[0m
  [1m[35m (0.1ms)[0m  [1m[35mPRAGMA defer_foreign_keys = ON[0m
  [1m[35m (0.1ms)[0m  [1m[35mPRAGMA foreign_keys = OFF[0m
  [1m[35m (0.4ms)[0m  [1m[35mCREATE TEMPORARY TABLE "aitems" ("id" integer NOT NULL PRIMARY KEY, "name" varchar DEFAULT NULL, "done" boolean DEFAULT NULL, "todo_id" integer NOT NULL, "created_at" datetime(6) NOT NULL, "updated_at" datetime(6) NOT NULL)[0m
  [1m[35m (0.1ms)[0m  [1m[35mCREATE  INDEX "tindex_aitems_on_todo_id" ON "aitems" ("todo_id")[0m
  [1m[35m (0.2ms)[0m  [1m[32mINSERT INTO "aitems" ("id","name","done","todo_id","created_at","updated_at")
                     SELECT "id","name","done","todo_id","created_at","updated_at" FROM "items"[0m
  [1m[35m (0.5ms)[0m  [1m[35mDROP TABLE "items"[0m
  [1m[35m (0.3ms)[0m  [1m[35mCREATE TABLE "items" ("id" integer NOT NULL PRIMARY KEY, "name" varchar DEFAULT NULL, "done" boolean DEFAULT NULL, "todo_id" integer NOT NULL, "created_at" datetime(6) NOT NULL, "updated_at" datetime(6) NOT NULL, CONSTRAINT "fk_rails_c01e6b449d"
FOREIGN KEY ("todo_id")
  REFERENCES "todos" ("id")
)[0m
  [1m[35m (0.1ms)[0m  [1m[35mCREATE  INDEX "index_items_on_todo_id" ON "items" ("todo_id")[0m
  [1m[35m (0.1ms)[0m  [1m[32mINSERT INTO "items" ("id","name","done","todo_id","created_at","updated_at")
                     SELECT "id","name","done","todo_id","created_at","updated_at" FROM "aitems"[0m
  [1m[35m (0.2ms)[0m  [1m[35mDROP TABLE "aitems"[0m
  [1m[35m (0.1ms)[0m  [1m[35mPRAGMA defer_foreign_keys = 0[0m
  [1m[35m (0.1ms)[0m  [1m[35mPRAGMA foreign_keys = 1[0m
  [1m[35m (4.4ms)[0m  [1m[36mcommit transaction[0m
  [1m[35m (5.1ms)[0m  [1m[35mCREATE TABLE "schema_migrations" ("version" varchar NOT NULL PRIMARY KEY)[0m
  [1m[35m (0.2ms)[0m  [1m[34mSELECT "schema_migrations"."version" FROM "schema_migrations" ORDER BY "schema_migrations"."version" ASC[0m
  [1m[35m (3.1ms)[0m  [1m[32mINSERT INTO "schema_migrations" (version) VALUES (20210110145130)[0m
  [1m[35m (3.2ms)[0m  [1m[32mINSERT INTO "schema_migrations" (version) VALUES
(20210101194909),
(20210101194947);

[0m
  [1m[35m (3.9ms)[0m  [1m[35mCREATE TABLE "ar_internal_metadata" ("key" varchar NOT NULL PRIMARY KEY, "value" varchar, "created_at" datetime(6) NOT NULL, "updated_at" datetime(6) NOT NULL)[0m
  [1m[36mActiveRecord::InternalMetadata Load (0.4ms)[0m  [1m[34mSELECT "ar_internal_metadata".* FROM "ar_internal_metadata" WHERE "ar_internal_metadata"."key" = ? LIMIT ?[0m  [["key", "environment"], ["LIMIT", 1]]
  [1m[35m (0.1ms)[0m  [1m[36mbegin transaction[0m
  [1m[36mActiveRecord::InternalMetadata Create (0.6ms)[0m  [1m[32mINSERT INTO "ar_internal_metadata" ("key", "value", "created_at", "updated_at") VALUES (?, ?, ?, ?)[0m  [["key", "environment"], ["value", "development"], ["created_at", "2021-01-10 14:53:13.807315"], ["updated_at", "2021-01-10 14:53:13.807315"]]
  [1m[35m (3.1ms)[0m  [1m[36mcommit transaction[0m
  [1m[36mActiveRecord::InternalMetadata Load (0.2ms)[0m  [1m[34mSELECT "ar_internal_metadata".* FROM "ar_internal_metadata" WHERE "ar_internal_metadata"."key" = ? LIMIT ?[0m  [["key", "environment"], ["LIMIT", 1]]
  [1m[35m (0.1ms)[0m  [1m[36mbegin transaction[0m
  [1m[36mActiveRecord::InternalMetadata Update (0.5ms)[0m  [1m[33mUPDATE "ar_internal_metadata" SET "value" = ?, "updated_at" = ? WHERE "ar_internal_metadata"."key" = ?[0m  [["value", "test"], ["updated_at", "2021-01-10 14:53:13.835200"], ["key", "environment"]]
  [1m[35m (2.6ms)[0m  [1m[36mcommit transaction[0m
  [1m[36mActiveRecord::InternalMetadata Load (0.2ms)[0m  [1m[34mSELECT "ar_internal_metadata".* FROM "ar_internal_metadata" WHERE "ar_internal_metadata"."key" = ? LIMIT ?[0m  [["key", "schema_sha1"], ["LIMIT", 1]]
  [1m[35m (0.1ms)[0m  [1m[36mbegin transaction[0m
  [1m[36mActiveRecord::InternalMetadata Create (0.6ms)[0m  [1m[32mINSERT INTO "ar_internal_metadata" ("key", "value", "created_at", "updated_at") VALUES (?, ?, ?, ?)[0m  [["key", "schema_sha1"], ["value", "333cfecc53426c34a498bb843eabe133f845b62b"], ["created_at", "2021-01-10 14:53:13.856736"], ["updated_at", "2021-01-10 14:53:13.856736"]]
  [1m[35m (2.8ms)[0m  [1m[36mcommit transaction[0m
Started GET "/todos" for 127.0.0.1 at 2021-01-13 00:33:24 +0200
  [1m[35m (1.0ms)[0m  [1m[34mSELECT sqlite_version(*)[0m
  [1m[35m (0.3ms)[0m  [1m[34mSELECT "schema_migrations"."version" FROM "schema_migrations" ORDER BY "schema_migrations"."version" ASC[0m
Processing by TodosController#index as */*
Completed 422 Unprocessable Entity in 2ms (Views: 0.4ms | ActiveRecord: 0.0ms | Allocations: 410)


Started POST "/signup" for 127.0.0.1 at 2021-01-13 00:33:39 +0200
Processing by UsersController#create as HTML
  Parameters: {"name"=>"ash", "email"=>"ash@email.com", "password"=>"[FILTERED]", "password_confirmation"=>"[FILTERED]", "user"=>{"name"=>"ash", "email"=>"ash@email.com"}}
[31mUnpermitted parameter: :user[0m
  [1m[35m (0.1ms)[0m  [1m[36mbegin transaction[0m
  ↳ app/controllers/users_controller.rb:7:in `create'
  [1m[36mUser Create (1.5ms)[0m  [1m[32mINSERT INTO "users" ("name", "email", "password_digest", "created_at", "updated_at") VALUES (?, ?, ?, ?, ?)[0m  [["name", "ash"], ["email", "ash@email.com"], ["password_digest", "$2a$12$QQjEYxNC9V/frnHLANe4NOjcSQ8M22TiOw.1icH3hJyNdEhr5JDv2"], ["created_at", "2021-01-12 22:33:39.705970"], ["updated_at", "2021-01-12 22:33:39.705970"]]
  ↳ app/controllers/users_controller.rb:7:in `create'
  [1m[35m (2.4ms)[0m  [1m[36mcommit transaction[0m
  ↳ app/controllers/users_controller.rb:7:in `create'
  [1m[36mUser Load (0.4ms)[0m  [1m[34mSELECT "users".* FROM "users" WHERE "users"."email" = ? LIMIT ?[0m  [["email", "ash@email.com"], ["LIMIT", 1]]
  ↳ app/auth/authenticate_user.rb:19:in `user'
  [1m[36mCACHE User Load (0.0ms)[0m  [1m[34mSELECT "users".* FROM "users" WHERE "users"."email" = ? LIMIT ?[0m  [["email", "ash@email.com"], ["LIMIT", 1]]
  ↳ app/auth/authenticate_user.rb:19:in `user'
Completed 201 Created in 803ms (Views: 0.4ms | ActiveRecord: 5.8ms | Allocations: 9907)


Started GET "/todos" for 127.0.0.1 at 2021-01-13 00:33:55 +0200
Processing by TodosController#index as */*
Completed 422 Unprocessable Entity in 1ms (Views: 0.3ms | ActiveRecord: 0.0ms | Allocations: 95)


Started GET "/todos" for 127.0.0.1 at 2021-01-13 00:34:27 +0200
Processing by TodosController#index as */*
Completed 422 Unprocessable Entity in 1ms (Views: 0.2ms | ActiveRecord: 0.0ms | Allocations: 169)


Started GET "/todos" for 127.0.0.1 at 2021-01-13 00:35:37 +0200
Processing by TodosController#index as */*
  [1m[36mUser Load (0.2ms)[0m  [1m[34mSELECT "users".* FROM "users" WHERE "users"."id" = ? LIMIT ?[0m  [["id", 1], ["LIMIT", 1]]
  ↳ app/auth/authorize_api_request.rb:21:in `user'
  [1m[36mTodo Load (1.4ms)[0m  [1m[34mSELECT "todos".* FROM "todos" WHERE "todos"."created_by" = ?[0m  [["created_by", "1"]]
  ↳ app/controllers/concerns/response.rb:3:in `json_response'
Completed 200 OK in 29ms (Views: 11.2ms | ActiveRecord: 2.5ms | Allocations: 8412)


Started POST "/todos" for 127.0.0.1 at 2021-01-13 00:36:25 +0200
Processing by TodosController#create as HTML
  Parameters: {"title"=>"Beethoven", "todo"=>{"title"=>"Beethoven"}}
  [1m[36mUser Load (0.2ms)[0m  [1m[34mSELECT "users".* FROM "users" WHERE "users"."id" = ? LIMIT ?[0m  [["id", 1], ["LIMIT", 1]]
  ↳ app/auth/authorize_api_request.rb:21:in `user'
[31mUnpermitted parameter: :todo[0m
  [1m[35m (0.1ms)[0m  [1m[36mbegin transaction[0m
  ↳ app/controllers/todos_controller.rb:14:in `create'
  [1m[36mTodo Create (0.5ms)[0m  [1m[32mINSERT INTO "todos" ("title", "created_by", "created_at", "updated_at") VALUES (?, ?, ?, ?)[0m  [["title", "Beethoven"], ["created_by", "1"], ["created_at", "2021-01-12 22:36:25.521482"], ["updated_at", "2021-01-12 22:36:25.521482"]]
  ↳ app/controllers/todos_controller.rb:14:in `create'
  [1m[35m (3.1ms)[0m  [1m[36mcommit transaction[0m
  ↳ app/controllers/todos_controller.rb:14:in `create'
Completed 201 Created in 17ms (Views: 0.6ms | ActiveRecord: 3.9ms | Allocations: 5646)


Started GET "/todos" for 127.0.0.1 at 2021-01-13 00:36:55 +0200
Processing by TodosController#index as */*
  [1m[36mUser Load (0.2ms)[0m  [1m[34mSELECT "users".* FROM "users" WHERE "users"."id" = ? LIMIT ?[0m  [["id", 1], ["LIMIT", 1]]
  ↳ app/auth/authorize_api_request.rb:21:in `user'
  [1m[36mTodo Load (0.2ms)[0m  [1m[34mSELECT "todos".* FROM "todos" WHERE "todos"."created_by" = ?[0m  [["created_by", "1"]]
  ↳ app/controllers/concerns/response.rb:3:in `json_response'
Completed 200 OK in 6ms (Views: 2.8ms | ActiveRecord: 0.4ms | Allocations: 1823)


Started POST "/signup" for 127.0.0.1 at 2021-01-13 00:49:22 +0200
  [1m[35m (0.1ms)[0m  [1m[34mSELECT sqlite_version(*)[0m
Processing by UsersController#create as HTML
  Parameters: {"email"=>"ash@email.com", "password"=>"[FILTERED]", "user"=>{"email"=>"ash@email.com"}}
[31mUnpermitted parameter: :user[0m
Completed 422 Unprocessable Entity in 440ms (Views: 0.2ms | ActiveRecord: 0.0ms | Allocations: 205613)


Started POST "/auth/login" for 127.0.0.1 at 2021-01-13 00:49:53 +0200
Processing by AuthenticationController#authenticate as HTML
  Parameters: {"email"=>"ash@email.com", "password"=>"[FILTERED]", "authentication"=>{"email"=>"ash@email.com", "password"=>"[FILTERED]"}}
[31mUnpermitted parameter: :authentication[0m
[31mUnpermitted parameter: :authentication[0m
  [1m[36mUser Load (0.3ms)[0m  [1m[34mSELECT "users".* FROM "users" WHERE "users"."email" = ? LIMIT ?[0m  [["email", "ash@email.com"], ["LIMIT", 1]]
  ↳ app/auth/authenticate_user.rb:19:in `user'
  [1m[36mCACHE User Load (0.0ms)[0m  [1m[34mSELECT "users".* FROM "users" WHERE "users"."email" = ? LIMIT ?[0m  [["email", "ash@email.com"], ["LIMIT", 1]]
  ↳ app/auth/authenticate_user.rb:19:in `user'
Completed 200 OK in 488ms (Views: 0.2ms | ActiveRecord: 0.3ms | Allocations: 1401)


Started GET "/todos" for 127.0.0.1 at 2021-01-13 00:50:31 +0200
Processing by TodosController#index as */*
  [1m[36mUser Load (0.4ms)[0m  [1m[34mSELECT "users".* FROM "users" WHERE "users"."id" = ? LIMIT ?[0m  [["id", 1], ["LIMIT", 1]]
  ↳ app/auth/authorize_api_request.rb:21:in `user'
  [1m[36mTodo Load (0.4ms)[0m  [1m[34mSELECT "todos".* FROM "todos" WHERE "todos"."created_by" = ?[0m  [["created_by", "1"]]
  ↳ app/controllers/concerns/response.rb:3:in `json_response'
Completed 200 OK in 8ms (Views: 3.9ms | ActiveRecord: 0.7ms | Allocations: 1855)


Started GET "/todos" for 127.0.0.1 at 2021-01-13 00:50:54 +0200
Processing by TodosController#index as */*
Completed 422 Unprocessable Entity in 1ms (Views: 0.2ms | ActiveRecord: 0.0ms | Allocations: 165)


Started POST "/signup" for 127.0.0.1 at 2021-01-15 00:13:00 +0200
  [1m[35m (3.6ms)[0m  [1m[34mSELECT sqlite_version(*)[0m
  [1m[35m (0.3ms)[0m  [1m[34mSELECT "schema_migrations"."version" FROM "schema_migrations" ORDER BY "schema_migrations"."version" ASC[0m
Processing by UsersController#create as HTML
  Parameters: {"name"=>"ash", "email"=>"ash@email.com", "password"=>"[FILTERED]", "password_confirmation"=>"[FILTERED]", "user"=>{"name"=>"ash", "email"=>"ash@email.com"}}
[31mUnpermitted parameter: :user[0m
  [1m[35m (0.1ms)[0m  [1m[36mbegin transaction[0m
  ↳ app/controllers/users_controller.rb:7:in `create'
  [1m[36mUser Create (1.9ms)[0m  [1m[32mINSERT INTO "users" ("name", "email", "password_digest", "created_at", "updated_at") VALUES (?, ?, ?, ?, ?)[0m  [["name", "ash"], ["email", "ash@email.com"], ["password_digest", "$2a$12$DyfnBsB3Sl8DmDilhqHli.S.dxYMtAurwhDRSKjLaPnZfSomFNdFG"], ["created_at", "2021-01-14 22:13:00.657428"], ["updated_at", "2021-01-14 22:13:00.657428"]]
  ↳ app/controllers/users_controller.rb:7:in `create'
  [1m[35m (11.6ms)[0m  [1m[36mcommit transaction[0m
  ↳ app/controllers/users_controller.rb:7:in `create'
  [1m[36mUser Load (0.4ms)[0m  [1m[34mSELECT "users".* FROM "users" WHERE "users"."email" = ? LIMIT ?[0m  [["email", "ash@email.com"], ["LIMIT", 1]]
  ↳ app/auth/authenticate_user.rb:19:in `user'
  [1m[36mCACHE User Load (0.0ms)[0m  [1m[34mSELECT "users".* FROM "users" WHERE "users"."email" = ? LIMIT ?[0m  [["email", "ash@email.com"], ["LIMIT", 1]]
  ↳ app/auth/authenticate_user.rb:19:in `user'
Completed 201 Created in 756ms (Views: 0.4ms | ActiveRecord: 15.0ms | Allocations: 10522)


Started POST "/todos" for 127.0.0.1 at 2021-01-15 00:13:30 +0200
Processing by TodosController#create as */*
  [1m[36mUser Load (0.4ms)[0m  [1m[34mSELECT "users".* FROM "users" WHERE "users"."id" = ? LIMIT ?[0m  [["id", 1], ["LIMIT", 1]]
  ↳ app/auth/authorize_api_request.rb:21:in `user'
Completed 422 Unprocessable Entity in 1325ms (Views: 0.5ms | ActiveRecord: 1.1ms | Allocations: 613235)


Started GET "/todos" for 127.0.0.1 at 2021-01-15 00:15:31 +0200
Processing by TodosController#index as */*
Completed 422 Unprocessable Entity in 1ms (Views: 0.7ms | ActiveRecord: 0.0ms | Allocations: 95)


Started POST "/signup" for 127.0.0.1 at 2021-01-15 00:16:13 +0200
Processing by UsersController#create as HTML
  Parameters: {"name"=>"ash", "email"=>"ash@email.com", "password"=>"[FILTERED]", "password_confirmation"=>"[FILTERED]", "user"=>{"name"=>"ash", "email"=>"ash@email.com"}}
[31mUnpermitted parameter: :user[0m
  [1m[35m (0.1ms)[0m  [1m[36mbegin transaction[0m
  ↳ app/controllers/users_controller.rb:7:in `create'
  [1m[36mUser Create (0.5ms)[0m  [1m[32mINSERT INTO "users" ("name", "email", "password_digest", "created_at", "updated_at") VALUES (?, ?, ?, ?, ?)[0m  [["name", "ash"], ["email", "ash@email.com"], ["password_digest", "$2a$12$l6aFhCKWjlZ3kcDDMEe8BuQmL3fE3TWJi/5kJaVQUUudrblBc/E0u"], ["created_at", "2021-01-14 22:16:14.024496"], ["updated_at", "2021-01-14 22:16:14.024496"]]
  ↳ app/controllers/users_controller.rb:7:in `create'
  [1m[35m (4.9ms)[0m  [1m[36mcommit transaction[0m
  ↳ app/controllers/users_controller.rb:7:in `create'
  [1m[36mUser Load (0.2ms)[0m  [1m[34mSELECT "users".* FROM "users" WHERE "users"."email" = ? LIMIT ?[0m  [["email", "ash@email.com"], ["LIMIT", 1]]
  ↳ app/auth/authenticate_user.rb:19:in `user'
  [1m[36mCACHE User Load (0.0ms)[0m  [1m[34mSELECT "users".* FROM "users" WHERE "users"."email" = ? LIMIT ?[0m  [["email", "ash@email.com"], ["LIMIT", 1]]
  ↳ app/auth/authenticate_user.rb:19:in `user'
Completed 201 Created in 787ms (Views: 0.3ms | ActiveRecord: 5.7ms | Allocations: 5962)


Started GET "/todos" for 127.0.0.1 at 2021-01-15 00:16:40 +0200
Processing by TodosController#index as */*
Completed 422 Unprocessable Entity in 1ms (Views: 0.3ms | ActiveRecord: 0.0ms | Allocations: 95)


Started GET "/todos" for 127.0.0.1 at 2021-01-15 00:16:54 +0200
Processing by TodosController#index as */*
Completed 422 Unprocessable Entity in 1ms (Views: 0.2ms | ActiveRecord: 0.0ms | Allocations: 168)


Started GET "/todos" for 127.0.0.1 at 2021-01-15 00:17:27 +0200
Processing by TodosController#index as */*
  [1m[36mUser Load (0.2ms)[0m  [1m[34mSELECT "users".* FROM "users" WHERE "users"."id" = ? LIMIT ?[0m  [["id", 1], ["LIMIT", 1]]
  ↳ app/auth/authorize_api_request.rb:21:in `user'
  [1m[36mTodo Load (0.4ms)[0m  [1m[34mSELECT "todos".* FROM "todos" WHERE "todos"."created_by" = ?[0m  [["created_by", "1"]]
  ↳ app/controllers/concerns/response.rb:3:in `json_response'
Completed 200 OK in 8ms (Views: 4.3ms | ActiveRecord: 0.6ms | Allocations: 2031)


  [1m[35m (0.6ms)[0m  [1m[34mSELECT sqlite_version(*)[0m
  [1m[35m (0.4ms)[0m  [1m[34mSELECT "schema_migrations"."version" FROM "schema_migrations" ORDER BY "schema_migrations"."version" ASC[0m
Migrating to CreateSalts (20210114222301)
  [1m[35m (0.3ms)[0m  [1m[36mbegin transaction[0m
  [1m[35m (0.6ms)[0m  [1m[35mCREATE TABLE "salts" ("id" integer PRIMARY KEY AUTOINCREMENT NOT NULL, "user_id" integer, "salt_str" varchar, "token" varchar, "created_at" datetime(6) NOT NULL, "updated_at" datetime(6) NOT NULL)[0m
  [1m[36mprimary::SchemaMigration Create (0.5ms)[0m  [1m[32mINSERT INTO "schema_migrations" ("version") VALUES (?)[0m  [["version", "20210114222301"]]
  [1m[35m (10.4ms)[0m  [1m[36mcommit transaction[0m
  [1m[36mActiveRecord::InternalMetadata Load (0.3ms)[0m  [1m[34mSELECT "ar_internal_metadata".* FROM "ar_internal_metadata" WHERE "ar_internal_metadata"."key" = ? LIMIT ?[0m  [["key", "environment"], ["LIMIT", 1]]
  [1m[35m (0.1ms)[0m  [1m[34mSELECT sqlite_version(*)[0m
  [1m[35m (0.3ms)[0m  [1m[34mSELECT "schema_migrations"."version" FROM "schema_migrations" ORDER BY "schema_migrations"."version" ASC[0m
Started POST "/signup" for 127.0.0.1 at 2021-01-15 00:51:52 +0200
  [1m[35m (0.6ms)[0m  [1m[34mSELECT sqlite_version(*)[0m
  [1m[35m (0.4ms)[0m  [1m[34mSELECT "schema_migrations"."version" FROM "schema_migrations" ORDER BY "schema_migrations"."version" ASC[0m
Processing by UsersController#create as HTML
  Parameters: {"name"=>"ash", "email"=>"ash@email.com", "password"=>"[FILTERED]", "password_confirmation"=>"[FILTERED]", "user"=>{"name"=>"ash", "email"=>"ash@email.com"}}
[31mUnpermitted parameter: :user[0m
  [1m[35m (0.1ms)[0m  [1m[36mbegin transaction[0m
  ↳ app/controllers/users_controller.rb:7:in `create'
  [1m[36mUser Create (0.6ms)[0m  [1m[32mINSERT INTO "users" ("name", "email", "password_digest", "created_at", "updated_at") VALUES (?, ?, ?, ?, ?)[0m  [["name", "ash"], ["email", "ash@email.com"], ["password_digest", "$2a$12$t5JmOS/2q2BESA28SkVeU.fe66kgSlDpAZO0AOImg.pgjee73Wxeq"], ["created_at", "2021-01-14 22:51:52.361796"], ["updated_at", "2021-01-14 22:51:52.361796"]]
  ↳ app/controllers/users_controller.rb:7:in `create'
  [1m[35m (4.4ms)[0m  [1m[36mcommit transaction[0m
  ↳ app/controllers/users_controller.rb:7:in `create'
  [1m[36mUser Load (0.4ms)[0m  [1m[34mSELECT "users".* FROM "users" WHERE "users"."email" = ? LIMIT ?[0m  [["email", "ash@email.com"], ["LIMIT", 1]]
  ↳ app/auth/authenticate_user.rb:19:in `user'
  [1m[36mCACHE User Load (0.0ms)[0m  [1m[34mSELECT "users".* FROM "users" WHERE "users"."email" = ? LIMIT ?[0m  [["email", "ash@email.com"], ["LIMIT", 1]]
  ↳ app/auth/authenticate_user.rb:19:in `user'
  [1m[36mSalt Load (0.3ms)[0m  [1m[34mSELECT "salts".* FROM "salts" WHERE "salts"."user_id" = ? LIMIT ?[0m  [["user_id", 1], ["LIMIT", 1]]
  ↳ app/lib/json_web_token.rb:8:in `encode'
Completed 201 Created in 764ms (Views: 0.3ms | ActiveRecord: 7.2ms | Allocations: 11321)


Started POST "/signup" for 127.0.0.1 at 2021-01-15 00:51:56 +0200
Processing by UsersController#create as HTML
  Parameters: {"name"=>"ash", "email"=>"ash@email.com", "password"=>"[FILTERED]", "password_confirmation"=>"[FILTERED]", "user"=>{"name"=>"ash", "email"=>"ash@email.com"}}
[31mUnpermitted parameter: :user[0m
  [1m[35m (0.1ms)[0m  [1m[36mbegin transaction[0m
  ↳ app/controllers/users_controller.rb:7:in `create'
  [1m[36mUser Create (0.4ms)[0m  [1m[32mINSERT INTO "users" ("name", "email", "password_digest", "created_at", "updated_at") VALUES (?, ?, ?, ?, ?)[0m  [["name", "ash"], ["email", "ash@email.com"], ["password_digest", "$2a$12$jikMEYbRNMIcWOH3R4BsMeLG0lqVoBJprVhgluKz0BtCheks0eVwy"], ["created_at", "2021-01-14 22:51:56.585317"], ["updated_at", "2021-01-14 22:51:56.585317"]]
  ↳ app/controllers/users_controller.rb:7:in `create'
  [1m[35m (4.2ms)[0m  [1m[36mcommit transaction[0m
  ↳ app/controllers/users_controller.rb:7:in `create'
  [1m[36mUser Load (0.2ms)[0m  [1m[34mSELECT "users".* FROM "users" WHERE "users"."email" = ? LIMIT ?[0m  [["email", "ash@email.com"], ["LIMIT", 1]]
  ↳ app/auth/authenticate_user.rb:19:in `user'
  [1m[36mCACHE User Load (0.0ms)[0m  [1m[34mSELECT "users".* FROM "users" WHERE "users"."email" = ? LIMIT ?[0m  [["email", "ash@email.com"], ["LIMIT", 1]]
  ↳ app/auth/authenticate_user.rb:19:in `user'
  [1m[36mSalt Load (0.1ms)[0m  [1m[34mSELECT "salts".* FROM "salts" WHERE "salts"."user_id" = ? LIMIT ?[0m  [["user_id", 1], ["LIMIT", 1]]
  ↳ app/lib/json_web_token.rb:8:in `encode'
Completed 201 Created in 745ms (Views: 0.3ms | ActiveRecord: 5.1ms | Allocations: 6570)


Started POST "/signup" for 127.0.0.1 at 2021-01-15 01:00:18 +0200
  [1m[35m (0.2ms)[0m  [1m[34mSELECT sqlite_version(*)[0m
Processing by UsersController#create as HTML
  Parameters: {"name"=>"ash", "email"=>"ash@email.com", "password"=>"[FILTERED]", "password_confirmation"=>"[FILTERED]", "user"=>{"name"=>"ash", "email"=>"ash@email.com"}}
[31mUnpermitted parameter: :user[0m
  [1m[35m (0.1ms)[0m  [1m[36mbegin transaction[0m
  ↳ app/controllers/users_controller.rb:7:in `create'
  [1m[36mUser Create (0.7ms)[0m  [1m[32mINSERT INTO "users" ("name", "email", "password_digest", "created_at", "updated_at") VALUES (?, ?, ?, ?, ?)[0m  [["name", "ash"], ["email", "ash@email.com"], ["password_digest", "$2a$12$ruMqXWSvrrmevcx3jP9M5.TpzsHj8qZMXGZcSCAlTw35c7sVWYcuG"], ["created_at", "2021-01-14 23:00:18.418967"], ["updated_at", "2021-01-14 23:00:18.418967"]]
  ↳ app/controllers/users_controller.rb:7:in `create'
  [1m[35m (3.0ms)[0m  [1m[36mcommit transaction[0m
  ↳ app/controllers/users_controller.rb:7:in `create'
  [1m[36mUser Load (0.4ms)[0m  [1m[34mSELECT "users".* FROM "users" WHERE "users"."email" = ? LIMIT ?[0m  [["email", "ash@email.com"], ["LIMIT", 1]]
  ↳ app/auth/authenticate_user.rb:19:in `user'
  [1m[36mCACHE User Load (0.0ms)[0m  [1m[34mSELECT "users".* FROM "users" WHERE "users"."email" = ? LIMIT ?[0m  [["email", "ash@email.com"], ["LIMIT", 1]]
  ↳ app/auth/authenticate_user.rb:19:in `user'
  [1m[36mSalt Load (0.3ms)[0m  [1m[34mSELECT "salts".* FROM "salts" WHERE "salts"."user_id" = ? LIMIT ?[0m  [["user_id", 1], ["LIMIT", 1]]
  ↳ app/lib/json_web_token.rb:8:in `encode'
  [1m[35m (0.1ms)[0m  [1m[36mbegin transaction[0m
  ↳ app/lib/json_web_token.rb:14:in `encode'
  [1m[36mSalt Create (0.6ms)[0m  [1m[32mINSERT INTO "salts" ("user_id", "salt_str", "token", "created_at", "updated_at") VALUES (?, ?, ?, ?, ?)[0m  [["user_id", 1], ["salt_str", "ledzkghkzjykfhdznkpzzlkbdqnyesobdwfqelfiefoppggphh"], ["token", "eyJhbGciOiJIUzI1NiJ9.eyJ1c2VyX2lkIjoxLCJleHAiOjE2MTA3NTE2MTh9.Ns0NCHefx0enIiktit21MOnEpbzKkKh_1gnoEoYCRdU"], ["created_at", "2021-01-14 23:00:18.941870"], ["updated_at", "2021-01-14 23:00:18.941870"]]
  ↳ app/lib/json_web_token.rb:14:in `encode'
  [1m[35m (4.2ms)[0m  [1m[36mcommit transaction[0m
  ↳ app/lib/json_web_token.rb:14:in `encode'
Completed 201 Created in 803ms (Views: 0.4ms | ActiveRecord: 9.8ms | Allocations: 18152)


Started POST "/signup" for 127.0.0.1 at 2021-01-15 01:00:28 +0200
Processing by UsersController#create as HTML
  Parameters: {"name"=>"ash", "email"=>"ash@email.com", "password"=>"[FILTERED]", "password_confirmation"=>"[FILTERED]", "user"=>{"name"=>"ash", "email"=>"ash@email.com"}}
[31mUnpermitted parameter: :user[0m
  [1m[35m (0.1ms)[0m  [1m[36mbegin transaction[0m
  ↳ app/controllers/users_controller.rb:7:in `create'
  [1m[36mUser Create (0.5ms)[0m  [1m[32mINSERT INTO "users" ("name", "email", "password_digest", "created_at", "updated_at") VALUES (?, ?, ?, ?, ?)[0m  [["name", "ash"], ["email", "ash@email.com"], ["password_digest", "$2a$12$KntSy7dMVx2DCazXzZVZ2.vV/7nK1sKngbOc5KB83yo22GPie1u3e"], ["created_at", "2021-01-14 23:00:28.995840"], ["updated_at", "2021-01-14 23:00:28.995840"]]
  ↳ app/controllers/users_controller.rb:7:in `create'
  [1m[35m (3.8ms)[0m  [1m[36mcommit transaction[0m
  ↳ app/controllers/users_controller.rb:7:in `create'
  [1m[36mUser Load (0.2ms)[0m  [1m[34mSELECT "users".* FROM "users" WHERE "users"."email" = ? LIMIT ?[0m  [["email", "ash@email.com"], ["LIMIT", 1]]
  ↳ app/auth/authenticate_user.rb:19:in `user'
  [1m[36mCACHE User Load (0.0ms)[0m  [1m[34mSELECT "users".* FROM "users" WHERE "users"."email" = ? LIMIT ?[0m  [["email", "ash@email.com"], ["LIMIT", 1]]
  ↳ app/auth/authenticate_user.rb:19:in `user'
  [1m[36mSalt Load (0.2ms)[0m  [1m[34mSELECT "salts".* FROM "salts" WHERE "salts"."user_id" = ? LIMIT ?[0m  [["user_id", 1], ["LIMIT", 1]]
  ↳ app/lib/json_web_token.rb:8:in `encode'
Completed 500 Internal Server Error in 755ms (ActiveRecord: 4.8ms | Allocations: 8658)


  
NoMethodError (undefined method `salt_record' for #<Salt:0x000055f0fc0d9470>
Did you mean?  salt_str):
  
app/lib/json_web_token.rb:18:in `encode'
app/auth/authenticate_user.rb:10:in `call'
app/controllers/users_controller.rb:8:in `create'
Started POST "/signup" for 127.0.0.1 at 2021-01-15 01:00:54 +0200
  [1m[35m (0.1ms)[0m  [1m[34mSELECT sqlite_version(*)[0m
Processing by UsersController#create as HTML
  Parameters: {"name"=>"ash", "email"=>"ash@email.com", "password"=>"[FILTERED]", "password_confirmation"=>"[FILTERED]", "user"=>{"name"=>"ash", "email"=>"ash@email.com"}}
[31mUnpermitted parameter: :user[0m
  [1m[35m (0.1ms)[0m  [1m[36mbegin transaction[0m
  ↳ app/controllers/users_controller.rb:7:in `create'
  [1m[36mUser Create (0.6ms)[0m  [1m[32mINSERT INTO "users" ("name", "email", "password_digest", "created_at", "updated_at") VALUES (?, ?, ?, ?, ?)[0m  [["name", "ash"], ["email", "ash@email.com"], ["password_digest", "$2a$12$2W7K6mb1S7xWMzksJpT5c.nozXwORKqCqGdJBoDK1uaKMsTAGeCEe"], ["created_at", "2021-01-14 23:00:55.079067"], ["updated_at", "2021-01-14 23:00:55.079067"]]
  ↳ app/controllers/users_controller.rb:7:in `create'
  [1m[35m (4.0ms)[0m  [1m[36mcommit transaction[0m
  ↳ app/controllers/users_controller.rb:7:in `create'
  [1m[36mUser Load (0.4ms)[0m  [1m[34mSELECT "users".* FROM "users" WHERE "users"."email" = ? LIMIT ?[0m  [["email", "ash@email.com"], ["LIMIT", 1]]
  ↳ app/auth/authenticate_user.rb:19:in `user'
  [1m[36mCACHE User Load (0.1ms)[0m  [1m[34mSELECT "users".* FROM "users" WHERE "users"."email" = ? LIMIT ?[0m  [["email", "ash@email.com"], ["LIMIT", 1]]
  ↳ app/auth/authenticate_user.rb:19:in `user'
  [1m[36mSalt Load (0.2ms)[0m  [1m[34mSELECT "salts".* FROM "salts" WHERE "salts"."user_id" = ? LIMIT ?[0m  [["user_id", 1], ["LIMIT", 1]]
  ↳ app/lib/json_web_token.rb:8:in `encode'
Completed 201 Created in 771ms (Views: 0.3ms | ActiveRecord: 7.5ms | Allocations: 13540)


Started POST "/signup" for 127.0.0.1 at 2021-01-15 01:00:58 +0200
Processing by UsersController#create as HTML
  Parameters: {"name"=>"ash", "email"=>"ash@email.com", "password"=>"[FILTERED]", "password_confirmation"=>"[FILTERED]", "user"=>{"name"=>"ash", "email"=>"ash@email.com"}}
[31mUnpermitted parameter: :user[0m
  [1m[35m (0.1ms)[0m  [1m[36mbegin transaction[0m
  ↳ app/controllers/users_controller.rb:7:in `create'
  [1m[36mUser Create (0.6ms)[0m  [1m[32mINSERT INTO "users" ("name", "email", "password_digest", "created_at", "updated_at") VALUES (?, ?, ?, ?, ?)[0m  [["name", "ash"], ["email", "ash@email.com"], ["password_digest", "$2a$12$a/USrlXMBQuv.Qjwgc8uiuxJzKPS3rh4UOPuat1ErAiuktZWvIHXC"], ["created_at", "2021-01-14 23:00:58.901323"], ["updated_at", "2021-01-14 23:00:58.901323"]]
  ↳ app/controllers/users_controller.rb:7:in `create'
  [1m[35m (3.8ms)[0m  [1m[36mcommit transaction[0m
  ↳ app/controllers/users_controller.rb:7:in `create'
  [1m[36mUser Load (0.2ms)[0m  [1m[34mSELECT "users".* FROM "users" WHERE "users"."email" = ? LIMIT ?[0m  [["email", "ash@email.com"], ["LIMIT", 1]]
  ↳ app/auth/authenticate_user.rb:19:in `user'
  [1m[36mCACHE User Load (0.0ms)[0m  [1m[34mSELECT "users".* FROM "users" WHERE "users"."email" = ? LIMIT ?[0m  [["email", "ash@email.com"], ["LIMIT", 1]]
  ↳ app/auth/authenticate_user.rb:19:in `user'
  [1m[36mSalt Load (0.2ms)[0m  [1m[34mSELECT "salts".* FROM "salts" WHERE "salts"."user_id" = ? LIMIT ?[0m  [["user_id", 1], ["LIMIT", 1]]
  ↳ app/lib/json_web_token.rb:8:in `encode'
Completed 201 Created in 741ms (Views: 0.2ms | ActiveRecord: 4.9ms | Allocations: 6583)


Started POST "/signup" for 127.0.0.1 at 2021-01-15 01:02:00 +0200
  [1m[35m (0.1ms)[0m  [1m[34mSELECT sqlite_version(*)[0m
Processing by UsersController#create as HTML
  Parameters: {"name"=>"ash", "email"=>"ash@email.com", "password"=>"[FILTERED]", "password_confirmation"=>"[FILTERED]", "user"=>{"name"=>"ash", "email"=>"ash@email.com"}}
[31mUnpermitted parameter: :user[0m
  [1m[35m (0.1ms)[0m  [1m[36mbegin transaction[0m
  ↳ app/controllers/users_controller.rb:7:in `create'
  [1m[36mUser Create (0.6ms)[0m  [1m[32mINSERT INTO "users" ("name", "email", "password_digest", "created_at", "updated_at") VALUES (?, ?, ?, ?, ?)[0m  [["name", "ash"], ["email", "ash@email.com"], ["password_digest", "$2a$12$TqLlE1fx899TTLGJKT4cxenDQGR0WbIdWx9Dh6VjwvvRKwhsr9z/S"], ["created_at", "2021-01-14 23:02:00.400834"], ["updated_at", "2021-01-14 23:02:00.400834"]]
  ↳ app/controllers/users_controller.rb:7:in `create'
  [1m[35m (5.5ms)[0m  [1m[36mcommit transaction[0m
  ↳ app/controllers/users_controller.rb:7:in `create'
  [1m[36mUser Load (0.4ms)[0m  [1m[34mSELECT "users".* FROM "users" WHERE "users"."email" = ? LIMIT ?[0m  [["email", "ash@email.com"], ["LIMIT", 1]]
  ↳ app/auth/authenticate_user.rb:19:in `user'
  [1m[36mCACHE User Load (0.0ms)[0m  [1m[34mSELECT "users".* FROM "users" WHERE "users"."email" = ? LIMIT ?[0m  [["email", "ash@email.com"], ["LIMIT", 1]]
  ↳ app/auth/authenticate_user.rb:19:in `user'
  [1m[36mSalt Load (0.2ms)[0m  [1m[34mSELECT "salts".* FROM "salts" WHERE "salts"."user_id" = ? LIMIT ?[0m  [["user_id", 1], ["LIMIT", 1]]
  ↳ app/lib/json_web_token.rb:8:in `encode'
Completed 201 Created in 825ms (Views: 0.3ms | ActiveRecord: 8.7ms | Allocations: 13392)


Started POST "/signup" for 127.0.0.1 at 2021-01-15 01:02:05 +0200
Processing by UsersController#create as HTML
  Parameters: {"name"=>"ash", "email"=>"ash@email.com", "password"=>"[FILTERED]", "password_confirmation"=>"[FILTERED]", "user"=>{"name"=>"ash", "email"=>"ash@email.com"}}
[31mUnpermitted parameter: :user[0m
  [1m[35m (0.1ms)[0m  [1m[36mbegin transaction[0m
  ↳ app/controllers/users_controller.rb:7:in `create'
  [1m[36mUser Create (0.6ms)[0m  [1m[32mINSERT INTO "users" ("name", "email", "password_digest", "created_at", "updated_at") VALUES (?, ?, ?, ?, ?)[0m  [["name", "ash"], ["email", "ash@email.com"], ["password_digest", "$2a$12$SoD3feQbp5.vEM.8OddVxedx96rLvUtXhftYZ4zFPuMgLuVRk4zGC"], ["created_at", "2021-01-14 23:02:06.156037"], ["updated_at", "2021-01-14 23:02:06.156037"]]
  ↳ app/controllers/users_controller.rb:7:in `create'
  [1m[35m (4.2ms)[0m  [1m[36mcommit transaction[0m
  ↳ app/controllers/users_controller.rb:7:in `create'
  [1m[36mUser Load (0.2ms)[0m  [1m[34mSELECT "users".* FROM "users" WHERE "users"."email" = ? LIMIT ?[0m  [["email", "ash@email.com"], ["LIMIT", 1]]
  ↳ app/auth/authenticate_user.rb:19:in `user'
  [1m[36mCACHE User Load (0.0ms)[0m  [1m[34mSELECT "users".* FROM "users" WHERE "users"."email" = ? LIMIT ?[0m  [["email", "ash@email.com"], ["LIMIT", 1]]
  ↳ app/auth/authenticate_user.rb:19:in `user'
  [1m[36mSalt Load (0.2ms)[0m  [1m[34mSELECT "salts".* FROM "salts" WHERE "salts"."user_id" = ? LIMIT ?[0m  [["user_id", 1], ["LIMIT", 1]]
  ↳ app/lib/json_web_token.rb:8:in `encode'
Completed 201 Created in 763ms (Views: 0.2ms | ActiveRecord: 5.3ms | Allocations: 6583)


Started POST "/signup" for 127.0.0.1 at 2021-01-15 01:03:04 +0200
  [1m[35m (0.1ms)[0m  [1m[34mSELECT sqlite_version(*)[0m
Processing by UsersController#create as HTML
  Parameters: {"name"=>"ash", "email"=>"ash@email.com", "password"=>"[FILTERED]", "password_confirmation"=>"[FILTERED]", "user"=>{"name"=>"ash", "email"=>"ash@email.com"}}
[31mUnpermitted parameter: :user[0m
  [1m[35m (0.1ms)[0m  [1m[36mbegin transaction[0m
  ↳ app/controllers/users_controller.rb:7:in `create'
  [1m[36mUser Create (0.5ms)[0m  [1m[32mINSERT INTO "users" ("name", "email", "password_digest", "created_at", "updated_at") VALUES (?, ?, ?, ?, ?)[0m  [["name", "ash"], ["email", "ash@email.com"], ["password_digest", "$2a$12$8Ha1uehQLFWe3oiPEcblFuaoHnuB/c1zx6RNWgtAWEbGd5URMUxV."], ["created_at", "2021-01-14 23:03:04.392165"], ["updated_at", "2021-01-14 23:03:04.392165"]]
  ↳ app/controllers/users_controller.rb:7:in `create'
  [1m[35m (5.7ms)[0m  [1m[36mcommit transaction[0m
  ↳ app/controllers/users_controller.rb:7:in `create'
  [1m[36mUser Load (0.6ms)[0m  [1m[34mSELECT "users".* FROM "users" WHERE "users"."email" = ? LIMIT ?[0m  [["email", "ash@email.com"], ["LIMIT", 1]]
  ↳ app/auth/authenticate_user.rb:19:in `user'
  [1m[36mCACHE User Load (0.0ms)[0m  [1m[34mSELECT "users".* FROM "users" WHERE "users"."email" = ? LIMIT ?[0m  [["email", "ash@email.com"], ["LIMIT", 1]]
  ↳ app/auth/authenticate_user.rb:19:in `user'
  [1m[36mSalt Load (0.2ms)[0m  [1m[34mSELECT "salts".* FROM "salts" WHERE "salts"."user_id" = ? LIMIT ?[0m  [["user_id", 1], ["LIMIT", 1]]
  ↳ app/lib/json_web_token.rb:8:in `encode'
Completed 201 Created in 790ms (Views: 0.3ms | ActiveRecord: 9.0ms | Allocations: 13399)


Started POST "/signup" for 127.0.0.1 at 2021-01-15 01:03:05 +0200
Processing by UsersController#create as HTML
  Parameters: {"name"=>"ash", "email"=>"ash@email.com", "password"=>"[FILTERED]", "password_confirmation"=>"[FILTERED]", "user"=>{"name"=>"ash", "email"=>"ash@email.com"}}
[31mUnpermitted parameter: :user[0m
  [1m[35m (0.1ms)[0m  [1m[36mbegin transaction[0m
  ↳ app/controllers/users_controller.rb:7:in `create'
  [1m[36mUser Create (0.6ms)[0m  [1m[32mINSERT INTO "users" ("name", "email", "password_digest", "created_at", "updated_at") VALUES (?, ?, ?, ?, ?)[0m  [["name", "ash"], ["email", "ash@email.com"], ["password_digest", "$2a$12$GAhRPSaQSrqAX78GhIKUl.HQvje17tAnFdHlCN28y5v3Tg5Ik/2Di"], ["created_at", "2021-01-14 23:03:06.132243"], ["updated_at", "2021-01-14 23:03:06.132243"]]
  ↳ app/controllers/users_controller.rb:7:in `create'
  [1m[35m (4.1ms)[0m  [1m[36mcommit transaction[0m
  ↳ app/controllers/users_controller.rb:7:in `create'
  [1m[36mUser Load (0.2ms)[0m  [1m[34mSELECT "users".* FROM "users" WHERE "users"."email" = ? LIMIT ?[0m  [["email", "ash@email.com"], ["LIMIT", 1]]
  ↳ app/auth/authenticate_user.rb:19:in `user'
  [1m[36mCACHE User Load (0.0ms)[0m  [1m[34mSELECT "users".* FROM "users" WHERE "users"."email" = ? LIMIT ?[0m  [["email", "ash@email.com"], ["LIMIT", 1]]
  ↳ app/auth/authenticate_user.rb:19:in `user'
  [1m[36mSalt Load (0.2ms)[0m  [1m[34mSELECT "salts".* FROM "salts" WHERE "salts"."user_id" = ? LIMIT ?[0m  [["user_id", 1], ["LIMIT", 1]]
  ↳ app/lib/json_web_token.rb:8:in `encode'
Completed 201 Created in 748ms (Views: 0.2ms | ActiveRecord: 5.2ms | Allocations: 6591)


Started GET "/todos" for 127.0.0.1 at 2021-01-15 01:04:32 +0200
Processing by TodosController#index as */*
  [1m[36mSalt Load (0.4ms)[0m  [1m[34mSELECT "salts".* FROM "salts" WHERE "salts"."token" = ? LIMIT ?[0m  [["token", "eyJhbGciOiJIUzI1NiJ9.eyJ1c2VyX2lkIjoxLCJleHAiOjE2MTA3NTE3ODZ9.OjtJwG9T0VSSxkxxkM_6x4-w8Es9KsjgZd_ItzJICq0"], ["LIMIT", 1]]
  ↳ app/lib/json_web_token.rb:28:in `decode'
Completed 500 Internal Server Error in 5ms (ActiveRecord: 0.4ms | Allocations: 1373)


  
NoMethodError (undefined method `random_salt' for nil:NilClass):
  
app/lib/json_web_token.rb:30:in `decode'
app/auth/authorize_api_request.rb:33:in `decoded_auth_token'
app/auth/authorize_api_request.rb:21:in `user'
app/auth/authorize_api_request.rb:10:in `call'
app/controllers/application_controller.rb:14:in `authorize_request'
Started GET "/todos" for 127.0.0.1 at 2021-01-15 01:06:00 +0200
  [1m[35m (0.2ms)[0m  [1m[34mSELECT sqlite_version(*)[0m
Processing by TodosController#index as */*
  [1m[36mSalt Load (0.2ms)[0m  [1m[34mSELECT "salts".* FROM "salts" WHERE "salts"."token" = ? LIMIT ?[0m  [["token", "eyJhbGciOiJIUzI1NiJ9.eyJ1c2VyX2lkIjoxLCJleHAiOjE2MTA3NTE3ODZ9.OjtJwG9T0VSSxkxxkM_6x4-w8Es9KsjgZd_ItzJICq0"], ["LIMIT", 1]]
  ↳ app/lib/json_web_token.rb:29:in `decode'
Completed 500 Internal Server Error in 10ms (ActiveRecord: 0.6ms | Allocations: 2326)


  
NoMethodError (undefined method `salt_str' for nil:NilClass):
  
app/lib/json_web_token.rb:31:in `decode'
app/auth/authorize_api_request.rb:33:in `decoded_auth_token'
app/auth/authorize_api_request.rb:21:in `user'
app/auth/authorize_api_request.rb:10:in `call'
app/controllers/application_controller.rb:14:in `authorize_request'
Started GET "/todos" for 127.0.0.1 at 2021-01-15 01:06:37 +0200
  [1m[35m (0.1ms)[0m  [1m[34mSELECT sqlite_version(*)[0m
Processing by TodosController#index as */*
  [1m[36mSalt Load (0.2ms)[0m  [1m[34mSELECT "salts".* FROM "salts" WHERE "salts"."token" = ? LIMIT ?[0m  [["token", "eyJhbGciOiJIUzI1NiJ9.eyJ1c2VyX2lkIjoxLCJleHAiOjE2MTA3NTE3ODZ9.OjtJwG9T0VSSxkxxkM_6x4-w8Es9KsjgZd_ItzJICq0"], ["LIMIT", 1]]
  ↳ app/lib/json_web_token.rb:29:in `decode'
Completed 500 Internal Server Error in 10ms (ActiveRecord: 0.7ms | Allocations: 2329)


  
NoMethodError (undefined method `salt_str' for nil:NilClass):
  
app/lib/json_web_token.rb:32:in `decode'
app/auth/authorize_api_request.rb:33:in `decoded_auth_token'
app/auth/authorize_api_request.rb:21:in `user'
app/auth/authorize_api_request.rb:10:in `call'
app/controllers/application_controller.rb:14:in `authorize_request'
Started GET "/todos" for 127.0.0.1 at 2021-01-15 01:08:18 +0200
  [1m[35m (0.1ms)[0m  [1m[34mSELECT sqlite_version(*)[0m
Processing by TodosController#index as */*
  [1m[36mSalt Load (0.2ms)[0m  [1m[34mSELECT "salts".* FROM "salts" WHERE "salts"."token" = ? LIMIT ?[0m  [["token", "eyJhbGciOiJIUzI1NiJ9.eyJ1c2VyX2lkIjoxLCJleHAiOjE2MTA3NTE3ODZ9.OjtJwG9T0VSSxkxxkM_6x4-w8Es9KsjgZd_ItzJICq0"], ["LIMIT", 1]]
  ↳ app/lib/json_web_token.rb:29:in `decode'
Completed 500 Internal Server Error in 9ms (ActiveRecord: 1.0ms | Allocations: 2329)


  
NoMethodError (undefined method `salt_str' for nil:NilClass):
  
app/lib/json_web_token.rb:32:in `decode'
app/auth/authorize_api_request.rb:33:in `decoded_auth_token'
app/auth/authorize_api_request.rb:21:in `user'
app/auth/authorize_api_request.rb:10:in `call'
app/controllers/application_controller.rb:14:in `authorize_request'
Started POST "/signup" for 127.0.0.1 at 2021-01-15 01:08:42 +0200
  [1m[35m (0.1ms)[0m  [1m[34mSELECT sqlite_version(*)[0m
Processing by UsersController#create as HTML
  Parameters: {"name"=>"ash", "email"=>"ash@email.com", "password"=>"[FILTERED]", "password_confirmation"=>"[FILTERED]", "user"=>{"name"=>"ash", "email"=>"ash@email.com"}}
[31mUnpermitted parameter: :user[0m
  [1m[35m (0.1ms)[0m  [1m[36mbegin transaction[0m
  ↳ app/controllers/users_controller.rb:7:in `create'
  [1m[36mUser Create (0.6ms)[0m  [1m[32mINSERT INTO "users" ("name", "email", "password_digest", "created_at", "updated_at") VALUES (?, ?, ?, ?, ?)[0m  [["name", "ash"], ["email", "ash@email.com"], ["password_digest", "$2a$12$KE3O5VO3iy68tejHz1pSMO7YgHOTPuaRweMtMrGGk84kIGKtKXY1G"], ["created_at", "2021-01-14 23:08:42.484094"], ["updated_at", "2021-01-14 23:08:42.484094"]]
  ↳ app/controllers/users_controller.rb:7:in `create'
  [1m[35m (4.2ms)[0m  [1m[36mcommit transaction[0m
  ↳ app/controllers/users_controller.rb:7:in `create'
  [1m[36mUser Load (0.5ms)[0m  [1m[34mSELECT "users".* FROM "users" WHERE "users"."email" = ? LIMIT ?[0m  [["email", "ash@email.com"], ["LIMIT", 1]]
  ↳ app/auth/authenticate_user.rb:19:in `user'
  [1m[36mCACHE User Load (0.0ms)[0m  [1m[34mSELECT "users".* FROM "users" WHERE "users"."email" = ? LIMIT ?[0m  [["email", "ash@email.com"], ["LIMIT", 1]]
  ↳ app/auth/authenticate_user.rb:19:in `user'
  [1m[36mSalt Load (0.2ms)[0m  [1m[34mSELECT "salts".* FROM "salts" WHERE "salts"."user_id" = ? LIMIT ?[0m  [["user_id", 1], ["LIMIT", 1]]
  ↳ app/lib/json_web_token.rb:8:in `encode'
Completed 201 Created in 785ms (Views: 0.2ms | ActiveRecord: 7.8ms | Allocations: 13438)


Started GET "/todos" for 127.0.0.1 at 2021-01-15 01:09:01 +0200
Processing by TodosController#index as */*
  [1m[36mSalt Load (0.4ms)[0m  [1m[34mSELECT "salts".* FROM "salts" WHERE "salts"."token" = ? LIMIT ?[0m  [["token", "eyJhbGciOiJIUzI1NiJ9.eyJ1c2VyX2lkIjoxLCJleHAiOjE2MTA3NTIxMjN9.Dg56526arvWcU4YTa53cNmOEns2ns4Dd-ymRFeZjnbo"], ["LIMIT", 1]]
  ↳ app/lib/json_web_token.rb:30:in `decode'
Completed 500 Internal Server Error in 4ms (ActiveRecord: 0.4ms | Allocations: 1364)


  
NoMethodError (undefined method `salt_str' for nil:NilClass):
  
app/lib/json_web_token.rb:33:in `decode'
app/auth/authorize_api_request.rb:33:in `decoded_auth_token'
app/auth/authorize_api_request.rb:21:in `user'
app/auth/authorize_api_request.rb:10:in `call'
app/controllers/application_controller.rb:14:in `authorize_request'
Started GET "/todos" for 127.0.0.1 at 2021-01-15 01:10:13 +0200
  [1m[35m (0.1ms)[0m  [1m[34mSELECT sqlite_version(*)[0m
Processing by TodosController#index as */*
  [1m[36mSalt Load (0.2ms)[0m  [1m[34mSELECT "salts".* FROM "salts" WHERE "salts"."token" = ? LIMIT ?[0m  [["token", "eyJhbGciOiJIUzI1NiJ9.eyJ1c2VyX2lkIjoxLCJleHAiOjE2MTA3NTIxMjN9.Dg56526arvWcU4YTa53cNmOEns2ns4Dd-ymRFeZjnbo"], ["LIMIT", 1]]
  ↳ app/lib/json_web_token.rb:31:in `decode'
Completed 500 Internal Server Error in 10ms (ActiveRecord: 0.7ms | Allocations: 2331)


  
NoMethodError (undefined method `salt_str' for nil:NilClass):
  
app/lib/json_web_token.rb:34:in `decode'
app/auth/authorize_api_request.rb:33:in `decoded_auth_token'
app/auth/authorize_api_request.rb:21:in `user'
app/auth/authorize_api_request.rb:10:in `call'
app/controllers/application_controller.rb:14:in `authorize_request'
Started POST "/signup" for 127.0.0.1 at 2021-01-15 01:10:14 +0200
Processing by UsersController#create as HTML
  Parameters: {"name"=>"ash", "email"=>"ash@email.com", "password"=>"[FILTERED]", "password_confirmation"=>"[FILTERED]", "user"=>{"name"=>"ash", "email"=>"ash@email.com"}}
[31mUnpermitted parameter: :user[0m
  [1m[35m (0.1ms)[0m  [1m[36mbegin transaction[0m
  ↳ app/controllers/users_controller.rb:7:in `create'
  [1m[36mUser Create (0.5ms)[0m  [1m[32mINSERT INTO "users" ("name", "email", "password_digest", "created_at", "updated_at") VALUES (?, ?, ?, ?, ?)[0m  [["name", "ash"], ["email", "ash@email.com"], ["password_digest", "$2a$12$/EblqAaWJJn2WoKO48qr/eatnkVQ3iCd1eJnKiIkQDxnhHGqerAle"], ["created_at", "2021-01-14 23:10:15.089065"], ["updated_at", "2021-01-14 23:10:15.089065"]]
  ↳ app/controllers/users_controller.rb:7:in `create'
  [1m[35m (4.0ms)[0m  [1m[36mcommit transaction[0m
  ↳ app/controllers/users_controller.rb:7:in `create'
  [1m[36mUser Load (0.4ms)[0m  [1m[34mSELECT "users".* FROM "users" WHERE "users"."email" = ? LIMIT ?[0m  [["email", "ash@email.com"], ["LIMIT", 1]]
  ↳ app/auth/authenticate_user.rb:19:in `user'
  [1m[36mCACHE User Load (0.0ms)[0m  [1m[34mSELECT "users".* FROM "users" WHERE "users"."email" = ? LIMIT ?[0m  [["email", "ash@email.com"], ["LIMIT", 1]]
  ↳ app/auth/authenticate_user.rb:19:in `user'
  [1m[36mSalt Load (0.3ms)[0m  [1m[34mSELECT "salts".* FROM "salts" WHERE "salts"."user_id" = ? LIMIT ?[0m  [["user_id", 1], ["LIMIT", 1]]
  ↳ app/lib/json_web_token.rb:8:in `encode'
Completed 201 Created in 772ms (Views: 0.3ms | ActiveRecord: 6.9ms | Allocations: 12721)


Started GET "/todos" for 127.0.0.1 at 2021-01-15 01:10:27 +0200
Processing by TodosController#index as */*
  [1m[36mSalt Load (0.2ms)[0m  [1m[34mSELECT "salts".* FROM "salts" WHERE "salts"."token" = ? LIMIT ?[0m  [["token", "eyJhbGciOiJIUzI1NiJ9.eyJ1c2VyX2lkIjoxLCJleHAiOjE2MTA3NTIyMTV9.pB9izTU0GAdLgaqOMwJR1cDM8DW17BNSt7dnl74dMxc"], ["LIMIT", 1]]
  ↳ app/lib/json_web_token.rb:31:in `decode'
Completed 500 Internal Server Error in 5ms (ActiveRecord: 0.2ms | Allocations: 1242)


  
NoMethodError (undefined method `salt_str' for nil:NilClass):
  
app/lib/json_web_token.rb:34:in `decode'
app/auth/authorize_api_request.rb:33:in `decoded_auth_token'
app/auth/authorize_api_request.rb:21:in `user'
app/auth/authorize_api_request.rb:10:in `call'
app/controllers/application_controller.rb:14:in `authorize_request'
Started GET "/todos" for 127.0.0.1 at 2021-01-15 01:11:49 +0200
  [1m[35m (0.1ms)[0m  [1m[34mSELECT sqlite_version(*)[0m
Processing by TodosController#index as */*
  [1m[36mSalt Load (0.2ms)[0m  [1m[34mSELECT "salts".* FROM "salts" WHERE "salts"."salt_str" = ? LIMIT ?[0m  [["salt_str", "ledzkghkzjykfhdznkpzzlkbdqnyesobdwfqelfiefoppggphh"], ["LIMIT", 1]]
  ↳ app/lib/json_web_token.rb:31:in `decode'
  [1m[36mUser Load (0.4ms)[0m  [1m[34mSELECT "users".* FROM "users" WHERE "users"."id" = ? LIMIT ?[0m  [["id", 1], ["LIMIT", 1]]
  ↳ app/auth/authorize_api_request.rb:21:in `user'
  [1m[36mTodo Load (0.3ms)[0m  [1m[34mSELECT "todos".* FROM "todos" WHERE "todos"."created_by" = ?[0m  [["created_by", "1"]]
  ↳ app/controllers/concerns/response.rb:3:in `json_response'
Completed 200 OK in 46ms (Views: 10.3ms | ActiveRecord: 3.7ms | Allocations: 15658)


Started GET "/todos" for 127.0.0.1 at 2021-01-15 01:12:53 +0200
  [1m[35m (0.1ms)[0m  [1m[34mSELECT sqlite_version(*)[0m
Processing by TodosController#index as */*
  [1m[36mSalt Load (0.2ms)[0m  [1m[34mSELECT "salts".* FROM "salts" WHERE "salts"."token" = ? LIMIT ?[0m  [["token", "eyJhbGciOiJIUzI1NiJ9.eyJ1c2VyX2lkIjoxLCJleHAiOjE2MTA3NTIyMTV9.pB9izTU0GAdLgaqOMwJR1cDM8DW17BNSt7dnl74dMxc"], ["LIMIT", 1]]
  ↳ app/lib/json_web_token.rb:31:in `decode'
Completed 500 Internal Server Error in 10ms (ActiveRecord: 0.6ms | Allocations: 2335)


  
NoMethodError (undefined method `salt_str' for nil:NilClass):
  
app/lib/json_web_token.rb:34:in `decode'
app/auth/authorize_api_request.rb:33:in `decoded_auth_token'
app/auth/authorize_api_request.rb:21:in `user'
app/auth/authorize_api_request.rb:10:in `call'
app/controllers/application_controller.rb:14:in `authorize_request'
Started GET "/todos" for 127.0.0.1 at 2021-01-15 01:13:18 +0200
  [1m[35m (0.1ms)[0m  [1m[34mSELECT sqlite_version(*)[0m
Processing by TodosController#index as */*
  [1m[36mSalt Load (0.4ms)[0m  [1m[34mSELECT "salts".* FROM "salts" WHERE "salts"."token" = ? LIMIT ?[0m  [["token", "ledzkghkzjykfhdznkpzzlkbdqnyesobdwfqelfiefoppggphh"], ["LIMIT", 1]]
  ↳ app/lib/json_web_token.rb:31:in `decode'
Completed 500 Internal Server Error in 8ms (ActiveRecord: 0.9ms | Allocations: 2332)


  
NoMethodError (undefined method `token' for nil:NilClass):
  
app/lib/json_web_token.rb:32:in `decode'
app/auth/authorize_api_request.rb:33:in `decoded_auth_token'
app/auth/authorize_api_request.rb:21:in `user'
app/auth/authorize_api_request.rb:10:in `call'
app/controllers/application_controller.rb:14:in `authorize_request'
Started GET "/todos" for 127.0.0.1 at 2021-01-15 01:13:26 +0200
  [1m[35m (0.1ms)[0m  [1m[34mSELECT sqlite_version(*)[0m
Processing by TodosController#index as */*
  [1m[36mSalt Load (0.3ms)[0m  [1m[34mSELECT "salts".* FROM "salts" WHERE "salts"."salt_str" = ? LIMIT ?[0m  [["salt_str", "ledzkghkzjykfhdznkpzzlkbdqnyesobdwfqelfiefoppggphh"], ["LIMIT", 1]]
  ↳ app/lib/json_web_token.rb:31:in `decode'
  [1m[36mUser Load (0.3ms)[0m  [1m[34mSELECT "users".* FROM "users" WHERE "users"."id" = ? LIMIT ?[0m  [["id", 1], ["LIMIT", 1]]
  ↳ app/auth/authorize_api_request.rb:21:in `user'
  [1m[36mTodo Load (0.3ms)[0m  [1m[34mSELECT "todos".* FROM "todos" WHERE "todos"."created_by" = ?[0m  [["created_by", "1"]]
  ↳ app/controllers/concerns/response.rb:3:in `json_response'
Completed 200 OK in 42ms (Views: 9.6ms | ActiveRecord: 3.5ms | Allocations: 13925)


Started GET "/todos" for 127.0.0.1 at 2021-01-15 01:13:45 +0200
  [1m[35m (0.1ms)[0m  [1m[34mSELECT sqlite_version(*)[0m
Processing by TodosController#index as */*
  [1m[36mSalt Load (0.5ms)[0m  [1m[34mSELECT "salts".* FROM "salts" WHERE "salts"."salt_str" = ? LIMIT ?[0m  [["salt_str", "ledzkghkzjykfhdznkpzzlkbdqnyesobdwfqelfiefoppggphh"], ["LIMIT", 1]]
  ↳ app/lib/json_web_token.rb:30:in `decode'
  [1m[36mUser Load (0.3ms)[0m  [1m[34mSELECT "users".* FROM "users" WHERE "users"."id" = ? LIMIT ?[0m  [["id", 1], ["LIMIT", 1]]
  ↳ app/auth/authorize_api_request.rb:21:in `user'
  [1m[36mTodo Load (0.3ms)[0m  [1m[34mSELECT "todos".* FROM "todos" WHERE "todos"."created_by" = ?[0m  [["created_by", "1"]]
  ↳ app/controllers/concerns/response.rb:3:in `json_response'
Completed 200 OK in 41ms (Views: 9.2ms | ActiveRecord: 3.9ms | Allocations: 13887)


Started GET "/todos" for 127.0.0.1 at 2021-01-15 01:14:10 +0200
Processing by TodosController#index as */*
  [1m[36mSalt Load (0.2ms)[0m  [1m[34mSELECT "salts".* FROM "salts" WHERE "salts"."salt_str" = ? LIMIT ?[0m  [["salt_str", "ledzkghkzjykfhdznkpzzlkbdqnyesobdwfqelfiefoppggphh"], ["LIMIT", 1]]
  ↳ app/lib/json_web_token.rb:30:in `decode'
  [1m[36mUser Load (0.2ms)[0m  [1m[34mSELECT "users".* FROM "users" WHERE "users"."id" = ? LIMIT ?[0m  [["id", 1], ["LIMIT", 1]]
  ↳ app/auth/authorize_api_request.rb:21:in `user'
  [1m[36mTodo Load (0.2ms)[0m  [1m[34mSELECT "todos".* FROM "todos" WHERE "todos"."created_by" = ?[0m  [["created_by", "1"]]
  ↳ app/controllers/concerns/response.rb:3:in `json_response'
Completed 200 OK in 9ms (Views: 3.4ms | ActiveRecord: 0.6ms | Allocations: 2482)


Started POST "/signup" for 127.0.0.1 at 2021-01-15 01:16:23 +0200
  [1m[35m (0.1ms)[0m  [1m[34mSELECT sqlite_version(*)[0m
Processing by UsersController#create as HTML
  Parameters: {"name"=>"ash", "email"=>"ash@email.com", "password"=>"[FILTERED]", "password_confirmation"=>"[FILTERED]", "user"=>{"name"=>"ash", "email"=>"ash@email.com"}}
[31mUnpermitted parameter: :user[0m
  [1m[35m (0.1ms)[0m  [1m[36mbegin transaction[0m
  ↳ app/controllers/users_controller.rb:7:in `create'
  [1m[36mUser Create (0.7ms)[0m  [1m[32mINSERT INTO "users" ("name", "email", "password_digest", "created_at", "updated_at") VALUES (?, ?, ?, ?, ?)[0m  [["name", "ash"], ["email", "ash@email.com"], ["password_digest", "$2a$12$e27Wy2NSgBXOaIEhlXMyUusuD/4CLG46bXOY5I4uB.Bdn29X4BgX."], ["created_at", "2021-01-14 23:16:24.115875"], ["updated_at", "2021-01-14 23:16:24.115875"]]
  ↳ app/controllers/users_controller.rb:7:in `create'
  [1m[35m (4.3ms)[0m  [1m[36mcommit transaction[0m
  ↳ app/controllers/users_controller.rb:7:in `create'
  [1m[36mUser Load (0.4ms)[0m  [1m[34mSELECT "users".* FROM "users" WHERE "users"."email" = ? LIMIT ?[0m  [["email", "ash@email.com"], ["LIMIT", 1]]
  ↳ app/auth/authenticate_user.rb:19:in `user'
  [1m[36mCACHE User Load (0.0ms)[0m  [1m[34mSELECT "users".* FROM "users" WHERE "users"."email" = ? LIMIT ?[0m  [["email", "ash@email.com"], ["LIMIT", 1]]
  ↳ app/auth/authenticate_user.rb:19:in `user'
  [1m[36mSalt Load (0.2ms)[0m  [1m[34mSELECT "salts".* FROM "salts" WHERE "salts"."user_id" = ? LIMIT ?[0m  [["user_id", 1], ["LIMIT", 1]]
  ↳ app/lib/json_web_token.rb:8:in `encode'
  [1m[35m (0.1ms)[0m  [1m[36mbegin transaction[0m
  ↳ app/lib/json_web_token.rb:20:in `encode'
  [1m[36mSalt Update (0.4ms)[0m  [1m[33mUPDATE "salts" SET "salt_str" = ?, "updated_at" = ? WHERE "salts"."id" = ?[0m  [["salt_str", "hyxbzmyhostkxjvudfhjyrihtvrbuysnsemcirxmgqneemwmuy"], ["updated_at", "2021-01-14 23:16:24.621824"], ["id", 1]]
  ↳ app/lib/json_web_token.rb:20:in `encode'
  [1m[35m (6.0ms)[0m  [1m[36mcommit transaction[0m
  ↳ app/lib/json_web_token.rb:20:in `encode'
Completed 201 Created in 769ms (Views: 0.3ms | ActiveRecord: 14.0ms | Allocations: 19245)


Started GET "/todos" for 127.0.0.1 at 2021-01-15 01:16:47 +0200
Processing by TodosController#index as */*
  [1m[36mSalt Load (0.3ms)[0m  [1m[34mSELECT "salts".* FROM "salts" WHERE "salts"."salt_str" = ? LIMIT ?[0m  [["salt_str", "ledzkghkzjykfhdznkpzzlkbdqnyesobdwfqelfiefoppggphh"], ["LIMIT", 1]]
  ↳ app/lib/json_web_token.rb:31:in `decode'
Completed 500 Internal Server Error in 4ms (ActiveRecord: 0.3ms | Allocations: 1367)


  
NoMethodError (undefined method `token' for nil:NilClass):
  
app/lib/json_web_token.rb:33:in `decode'
app/auth/authorize_api_request.rb:33:in `decoded_auth_token'
app/auth/authorize_api_request.rb:21:in `user'
app/auth/authorize_api_request.rb:10:in `call'
app/controllers/application_controller.rb:14:in `authorize_request'
Started GET "/todos" for 127.0.0.1 at 2021-01-15 01:17:37 +0200
  [1m[35m (0.1ms)[0m  [1m[34mSELECT sqlite_version(*)[0m
Processing by TodosController#index as */*
  [1m[36mSalt Load (0.2ms)[0m  [1m[34mSELECT "salts".* FROM "salts" WHERE "salts"."token" = ? LIMIT ?[0m  [["token", "eyJhbGciOiJIUzI1NiJ9.eyJ1c2VyX2lkIjoxLCJleHAiOjE2MTA3NTI1ODR9.-IGYu7L7Fwmu9dOmIVPkOQzAYxlfjwyBsu1N7z-3UKY"], ["LIMIT", 1]]
  ↳ app/lib/json_web_token.rb:31:in `decode'
Completed 500 Internal Server Error in 10ms (ActiveRecord: 0.7ms | Allocations: 2351)


  
NoMethodError (undefined method `token' for nil:NilClass):
  
app/lib/json_web_token.rb:33:in `decode'
app/auth/authorize_api_request.rb:33:in `decoded_auth_token'
app/auth/authorize_api_request.rb:21:in `user'
app/auth/authorize_api_request.rb:10:in `call'
app/controllers/application_controller.rb:14:in `authorize_request'
Started GET "/todos" for 127.0.0.1 at 2021-01-15 01:18:27 +0200
  [1m[35m (0.1ms)[0m  [1m[34mSELECT sqlite_version(*)[0m
Processing by TodosController#index as */*
  [1m[36mSalt Load (0.2ms)[0m  [1m[34mSELECT "salts".* FROM "salts" WHERE "salts"."token" = ? LIMIT ?[0m  [["token", "eyJhbGciOiJIUzI1NiJ9.eyJ1c2VyX2lkIjoxLCJleHAiOjE2MTA3NTI1ODR9.-IGYu7L7Fwmu9dOmIVPkOQzAYxlfjwyBsu1N7z-3UKY"], ["LIMIT", 1]]
  ↳ app/lib/json_web_token.rb:31:in `decode'
Completed 500 Internal Server Error in 10ms (ActiveRecord: 1.3ms | Allocations: 2351)


  
NoMethodError (undefined method `token' for nil:NilClass):
  
app/lib/json_web_token.rb:33:in `decode'
app/auth/authorize_api_request.rb:33:in `decoded_auth_token'
app/auth/authorize_api_request.rb:21:in `user'
app/auth/authorize_api_request.rb:10:in `call'
app/controllers/application_controller.rb:14:in `authorize_request'
Started GET "/todos" for 127.0.0.1 at 2021-01-15 01:18:53 +0200
  [1m[35m (0.1ms)[0m  [1m[34mSELECT sqlite_version(*)[0m
Processing by TodosController#index as */*
  [1m[36mSalt Load (0.6ms)[0m  [1m[34mSELECT "salts".* FROM "salts" WHERE "salts"."user_id" = ? LIMIT ?[0m  [["user_id", 1], ["LIMIT", 1]]
  ↳ app/lib/json_web_token.rb:31:in `decode'
  [1m[36mUser Load (0.3ms)[0m  [1m[34mSELECT "users".* FROM "users" WHERE "users"."id" = ? LIMIT ?[0m  [["id", 1], ["LIMIT", 1]]
  ↳ app/auth/authorize_api_request.rb:21:in `user'
  [1m[36mTodo Load (0.3ms)[0m  [1m[34mSELECT "todos".* FROM "todos" WHERE "todos"."created_by" = ?[0m  [["created_by", "1"]]
  ↳ app/controllers/concerns/response.rb:3:in `json_response'
Completed 200 OK in 45ms (Views: 10.3ms | ActiveRecord: 4.2ms | Allocations: 13935)


Started POST "/signup" for 127.0.0.1 at 2021-01-15 01:20:51 +0200
  [1m[35m (0.1ms)[0m  [1m[34mSELECT sqlite_version(*)[0m
Processing by UsersController#create as HTML
  Parameters: {"name"=>"ash", "email"=>"ash@email.com", "password"=>"[FILTERED]", "password_confirmation"=>"[FILTERED]", "user"=>{"name"=>"ash", "email"=>"ash@email.com"}}
[31mUnpermitted parameter: :user[0m
  [1m[35m (0.1ms)[0m  [1m[36mbegin transaction[0m
  ↳ app/controllers/users_controller.rb:7:in `create'
  [1m[36mUser Create (0.5ms)[0m  [1m[32mINSERT INTO "users" ("name", "email", "password_digest", "created_at", "updated_at") VALUES (?, ?, ?, ?, ?)[0m  [["name", "ash"], ["email", "ash@email.com"], ["password_digest", "$2a$12$Zd6UfIIRrn6ua1dycE38jO4ofBZ7yg02rVzJPtvtw6P2slQVQr7j."], ["created_at", "2021-01-14 23:20:52.324351"], ["updated_at", "2021-01-14 23:20:52.324351"]]
  ↳ app/controllers/users_controller.rb:7:in `create'
  [1m[35m (3.7ms)[0m  [1m[36mcommit transaction[0m
  ↳ app/controllers/users_controller.rb:7:in `create'
  [1m[36mUser Load (0.7ms)[0m  [1m[34mSELECT "users".* FROM "users" WHERE "users"."email" = ? LIMIT ?[0m  [["email", "ash@email.com"], ["LIMIT", 1]]
  ↳ app/auth/authenticate_user.rb:19:in `user'
  [1m[36mCACHE User Load (0.0ms)[0m  [1m[34mSELECT "users".* FROM "users" WHERE "users"."email" = ? LIMIT ?[0m  [["email", "ash@email.com"], ["LIMIT", 1]]
  ↳ app/auth/authenticate_user.rb:19:in `user'
  [1m[36mSalt Load (0.3ms)[0m  [1m[34mSELECT "salts".* FROM "salts" WHERE "salts"."user_id" = ? LIMIT ?[0m  [["user_id", 1], ["LIMIT", 1]]
  ↳ app/lib/json_web_token.rb:8:in `encode'
  [1m[35m (0.1ms)[0m  [1m[36mbegin transaction[0m
  ↳ app/lib/json_web_token.rb:27:in `encode'
  [1m[36mSalt Update (0.5ms)[0m  [1m[33mUPDATE "salts" SET "salt_str" = ?, "token" = ?, "updated_at" = ? WHERE "salts"."id" = ?[0m  [["salt_str", "nebmaiqmuhmlqxqraspynxdcgtptfboywgbhpympgcuckygopw"], ["token", "eyJhbGciOiJIUzI1NiJ9.eyJ1c2VyX2lkIjoxLCJleHAiOjE2MTA3NTI4NTJ9.dNnPOACchA0aXzHW_D4PEf9r7POaO9rauvo0Czu9pnw"], ["updated_at", "2021-01-14 23:20:52.837486"], ["id", 1]]
  ↳ app/lib/json_web_token.rb:27:in `encode'
  [1m[35m (4.7ms)[0m  [1m[36mcommit transaction[0m
  ↳ app/lib/json_web_token.rb:27:in `encode'
Completed 201 Created in 773ms (Views: 0.3ms | ActiveRecord: 12.7ms | Allocations: 18649)


Started GET "/todos" for 127.0.0.1 at 2021-01-15 01:21:14 +0200
Processing by TodosController#index as */*
  [1m[36mSalt Load (0.2ms)[0m  [1m[34mSELECT "salts".* FROM "salts" WHERE "salts"."user_id" = ? LIMIT ?[0m  [["user_id", 1], ["LIMIT", 1]]
  ↳ app/lib/json_web_token.rb:36:in `decode'
  [1m[36mUser Load (0.3ms)[0m  [1m[34mSELECT "users".* FROM "users" WHERE "users"."id" = ? LIMIT ?[0m  [["id", 1], ["LIMIT", 1]]
  ↳ app/auth/authorize_api_request.rb:21:in `user'
  [1m[36mTodo Load (0.3ms)[0m  [1m[34mSELECT "todos".* FROM "todos" WHERE "todos"."created_by" = ?[0m  [["created_by", "1"]]
  ↳ app/controllers/concerns/response.rb:3:in `json_response'
Completed 200 OK in 21ms (Views: 11.1ms | ActiveRecord: 1.8ms | Allocations: 6204)


Started GET "/todos" for 127.0.0.1 at 2021-01-15 01:21:31 +0200
  [1m[35m (0.1ms)[0m  [1m[34mSELECT sqlite_version(*)[0m
Processing by TodosController#index as */*
  [1m[36mSalt Load (0.3ms)[0m  [1m[34mSELECT "salts".* FROM "salts" WHERE "salts"."token" = ? LIMIT ?[0m  [["token", "eyJhbGciOiJIUzI1NiJ9.eyJ1c2VyX2lkIjoxLCJleHAiOjE2MTA3NTI4NTJ9.dNnPOACchA0aXzHW_D4PEf9r7POaO9rauvo0Czu9pnw"], ["LIMIT", 1]]
  ↳ app/lib/json_web_token.rb:36:in `decode'
  [1m[36mUser Load (0.3ms)[0m  [1m[34mSELECT "users".* FROM "users" WHERE "users"."id" = ? LIMIT ?[0m  [["id", 1], ["LIMIT", 1]]
  ↳ app/auth/authorize_api_request.rb:21:in `user'
  [1m[36mTodo Load (0.3ms)[0m  [1m[34mSELECT "todos".* FROM "todos" WHERE "todos"."created_by" = ?[0m  [["created_by", "1"]]
  ↳ app/controllers/concerns/response.rb:3:in `json_response'
Completed 200 OK in 43ms (Views: 8.9ms | ActiveRecord: 3.4ms | Allocations: 13911)


